{"E:\\prueba-tecnica-experis\\src\\vite-env.d.ts": {"path":"E:\\prueba-tecnica-experis\\src\\vite-env.d.ts","all":true,"statementMap":{},"s":{},"branchMap":{"0":{"type":"branch","line":1,"loc":{"start":{"line":1,"column":37},"end":{"line":1,"column":37}},"locations":[{"start":{"line":1,"column":37},"end":{"line":1,"column":37}}]}},"b":{"0":[1]},"fnMap":{"0":{"name":"(empty-report)","decl":{"start":{"line":1,"column":37},"end":{"line":1,"column":37}},"loc":{"start":{"line":1,"column":37},"end":{"line":1,"column":37}},"line":1}},"f":{"0":1}}
,"E:\\prueba-tecnica-experis\\src\\components\\LayoutApp.tsx": {"path":"E:\\prueba-tecnica-experis\\src\\components\\LayoutApp.tsx","all":false,"statementMap":{"0":{"start":{"line":1,"column":0},"end":{"line":1,"column":33}},"1":{"start":{"line":2,"column":0},"end":{"line":2,"column":38}},"2":{"start":{"line":3,"column":0},"end":{"line":3,"column":40}},"3":{"start":{"line":4,"column":0},"end":{"line":4,"column":67}},"4":{"start":{"line":5,"column":0},"end":{"line":5,"column":30}},"5":{"start":{"line":6,"column":0},"end":{"line":6,"column":36}},"6":{"start":{"line":7,"column":0},"end":{"line":7,"column":48}},"7":{"start":{"line":8,"column":0},"end":{"line":8,"column":39}},"8":{"start":{"line":9,"column":0},"end":{"line":9,"column":25}},"9":{"start":{"line":10,"column":0},"end":{"line":10,"column":42}},"11":{"start":{"line":12,"column":0},"end":{"line":12,"column":52}},"12":{"start":{"line":13,"column":0},"end":{"line":13,"column":21}},"13":{"start":{"line":14,"column":0},"end":{"line":14,"column":4}},"15":{"start":{"line":16,"column":0},"end":{"line":16,"column":10}},"16":{"start":{"line":17,"column":0},"end":{"line":17,"column":64}},"17":{"start":{"line":18,"column":0},"end":{"line":18,"column":37}},"18":{"start":{"line":19,"column":0},"end":{"line":19,"column":12}},"19":{"start":{"line":20,"column":0},"end":{"line":20,"column":29}},"20":{"start":{"line":21,"column":0},"end":{"line":21,"column":58}},"21":{"start":{"line":22,"column":0},"end":{"line":22,"column":73}},"23":{"start":{"line":24,"column":0},"end":{"line":24,"column":14}},"24":{"start":{"line":25,"column":0},"end":{"line":25,"column":54}},"25":{"start":{"line":26,"column":0},"end":{"line":26,"column":40}},"27":{"start":{"line":28,"column":0},"end":{"line":28,"column":24}},"28":{"start":{"line":29,"column":0},"end":{"line":29,"column":16}},"29":{"start":{"line":30,"column":0},"end":{"line":30,"column":66}},"30":{"start":{"line":31,"column":0},"end":{"line":31,"column":66}},"31":{"start":{"line":32,"column":0},"end":{"line":32,"column":63}},"33":{"start":{"line":34,"column":0},"end":{"line":34,"column":19}},"34":{"start":{"line":35,"column":0},"end":{"line":35,"column":16}},"35":{"start":{"line":36,"column":0},"end":{"line":36,"column":14}},"36":{"start":{"line":37,"column":0},"end":{"line":37,"column":12}},"37":{"start":{"line":38,"column":0},"end":{"line":38,"column":45}},"38":{"start":{"line":39,"column":0},"end":{"line":39,"column":51}},"39":{"start":{"line":40,"column":0},"end":{"line":40,"column":12}},"40":{"start":{"line":41,"column":0},"end":{"line":41,"column":13}},"41":{"start":{"line":42,"column":0},"end":{"line":42,"column":19}},"42":{"start":{"line":43,"column":0},"end":{"line":43,"column":48}},"43":{"start":{"line":44,"column":0},"end":{"line":44,"column":37}},"44":{"start":{"line":45,"column":0},"end":{"line":45,"column":26}},"46":{"start":{"line":47,"column":0},"end":{"line":47,"column":51}},"47":{"start":{"line":48,"column":0},"end":{"line":48,"column":15}},"49":{"start":{"line":50,"column":0},"end":{"line":50,"column":86}},"50":{"start":{"line":51,"column":0},"end":{"line":51,"column":18}},"51":{"start":{"line":52,"column":0},"end":{"line":52,"column":12}},"52":{"start":{"line":53,"column":0},"end":{"line":53,"column":10}},"54":{"start":{"line":55,"column":0},"end":{"line":55,"column":2}},"56":{"start":{"line":57,"column":0},"end":{"line":57,"column":25}}},"s":{"0":1,"1":1,"2":1,"3":1,"4":1,"5":1,"6":1,"7":1,"8":1,"9":2,"11":2,"12":0,"13":0,"15":2,"16":2,"17":2,"18":2,"19":2,"20":2,"21":2,"23":2,"24":2,"25":2,"27":2,"28":2,"29":2,"30":2,"31":2,"33":2,"34":2,"35":2,"36":2,"37":2,"38":2,"39":2,"40":2,"41":2,"42":2,"43":2,"44":2,"46":2,"47":2,"49":2,"50":2,"51":2,"52":2,"54":2,"56":1},"branchMap":{"0":{"type":"branch","line":9,"loc":{"start":{"line":9,"column":18},"end":{"line":55,"column":2}},"locations":[{"start":{"line":9,"column":18},"end":{"line":55,"column":2}}]},"1":{"type":"branch","line":12,"loc":{"start":{"line":12,"column":23},"end":{"line":14,"column":4}},"locations":[{"start":{"line":12,"column":23},"end":{"line":14,"column":4}}]}},"b":{"0":[2],"1":[4]},"fnMap":{"0":{"name":"LayoutApp","decl":{"start":{"line":9,"column":18},"end":{"line":55,"column":2}},"loc":{"start":{"line":9,"column":18},"end":{"line":55,"column":2}},"line":9},"1":{"name":"toggleDrawer","decl":{"start":{"line":12,"column":23},"end":{"line":14,"column":4}},"loc":{"start":{"line":12,"column":23},"end":{"line":14,"column":4}},"line":12}},"f":{"0":2,"1":4}}
,"E:\\prueba-tecnica-experis\\src\\components\\modal.tsx": {"path":"E:\\prueba-tecnica-experis\\src\\components\\modal.tsx","all":false,"statementMap":{"0":{"start":{"line":1,"column":0},"end":{"line":1,"column":37}},"4":{"start":{"line":5,"column":0},"end":{"line":5,"column":29}},"5":{"start":{"line":6,"column":0},"end":{"line":6,"column":14}},"6":{"start":{"line":7,"column":0},"end":{"line":7,"column":17}},"7":{"start":{"line":8,"column":0},"end":{"line":8,"column":10}},"8":{"start":{"line":9,"column":0},"end":{"line":9,"column":12}},"9":{"start":{"line":10,"column":0},"end":{"line":10,"column":10}},"10":{"start":{"line":11,"column":0},"end":{"line":11,"column":15}},"11":{"start":{"line":12,"column":0},"end":{"line":12,"column":4}},"18":{"start":{"line":19,"column":0},"end":{"line":19,"column":7}},"19":{"start":{"line":20,"column":0},"end":{"line":20,"column":33}},"20":{"start":{"line":21,"column":0},"end":{"line":21,"column":41}},"22":{"start":{"line":23,"column":0},"end":{"line":23,"column":19}},"23":{"start":{"line":24,"column":0},"end":{"line":24,"column":34}},"24":{"start":{"line":25,"column":0},"end":{"line":25,"column":22}},"25":{"start":{"line":26,"column":0},"end":{"line":26,"column":26}},"26":{"start":{"line":27,"column":0},"end":{"line":27,"column":32}},"27":{"start":{"line":28,"column":0},"end":{"line":28,"column":24}},"28":{"start":{"line":29,"column":0},"end":{"line":29,"column":27}},"29":{"start":{"line":30,"column":0},"end":{"line":30,"column":28}},"30":{"start":{"line":31,"column":0},"end":{"line":31,"column":14}},"31":{"start":{"line":32,"column":0},"end":{"line":32,"column":31}},"32":{"start":{"line":33,"column":0},"end":{"line":33,"column":7}},"33":{"start":{"line":34,"column":0},"end":{"line":34,"column":6}},"35":{"start":{"line":36,"column":0},"end":{"line":36,"column":31}},"36":{"start":{"line":37,"column":0},"end":{"line":37,"column":51}},"38":{"start":{"line":39,"column":0},"end":{"line":39,"column":26}},"39":{"start":{"line":40,"column":0},"end":{"line":40,"column":26}},"40":{"start":{"line":41,"column":0},"end":{"line":41,"column":20}},"41":{"start":{"line":42,"column":0},"end":{"line":42,"column":20}},"42":{"start":{"line":43,"column":0},"end":{"line":43,"column":5}},"43":{"start":{"line":44,"column":0},"end":{"line":44,"column":4}},"45":{"start":{"line":46,"column":0},"end":{"line":46,"column":10}},"46":{"start":{"line":47,"column":0},"end":{"line":47,"column":10}},"47":{"start":{"line":48,"column":0},"end":{"line":48,"column":19}},"48":{"start":{"line":49,"column":0},"end":{"line":49,"column":24}},"49":{"start":{"line":50,"column":0},"end":{"line":50,"column":21}},"50":{"start":{"line":51,"column":0},"end":{"line":51,"column":22}},"51":{"start":{"line":52,"column":0},"end":{"line":52,"column":19}},"52":{"start":{"line":53,"column":0},"end":{"line":53,"column":15}},"53":{"start":{"line":54,"column":0},"end":{"line":54,"column":59}},"55":{"start":{"line":56,"column":0},"end":{"line":56,"column":18}},"56":{"start":{"line":57,"column":0},"end":{"line":57,"column":8}},"58":{"start":{"line":59,"column":0},"end":{"line":59,"column":9}},"59":{"start":{"line":60,"column":0},"end":{"line":60,"column":18}},"60":{"start":{"line":61,"column":0},"end":{"line":61,"column":44}},"61":{"start":{"line":62,"column":0},"end":{"line":62,"column":47}},"62":{"start":{"line":63,"column":0},"end":{"line":63,"column":10}},"63":{"start":{"line":64,"column":0},"end":{"line":64,"column":27}},"64":{"start":{"line":65,"column":0},"end":{"line":65,"column":38}},"65":{"start":{"line":66,"column":0},"end":{"line":66,"column":12}},"67":{"start":{"line":68,"column":0},"end":{"line":68,"column":2}}},"s":{"0":1,"4":1,"5":31,"6":31,"7":31,"8":31,"9":31,"10":31,"11":31,"18":31,"19":31,"20":31,"22":31,"23":12,"24":12,"25":2,"26":12,"27":2,"28":10,"29":2,"30":8,"31":6,"32":6,"33":12,"35":12,"36":31,"38":31,"39":1,"40":1,"41":1,"42":1,"43":1,"45":31,"46":31,"47":31,"48":31,"49":31,"50":31,"51":31,"52":31,"53":31,"55":31,"56":31,"58":31,"59":31,"60":5,"61":26,"62":31,"63":31,"64":31,"65":31,"67":31},"branchMap":{"0":{"type":"branch","line":5,"loc":{"start":{"line":5,"column":27},"end":{"line":68,"column":2}},"locations":[{"start":{"line":5,"column":27},"end":{"line":68,"column":2}}]},"1":{"type":"branch","line":60,"loc":{"start":{"line":60,"column":9},"end":{"line":61,"column":44}},"locations":[{"start":{"line":60,"column":9},"end":{"line":61,"column":44}}]},"2":{"type":"branch","line":61,"loc":{"start":{"line":61,"column":12},"end":{"line":62,"column":47}},"locations":[{"start":{"line":61,"column":12},"end":{"line":62,"column":47}}]},"3":{"type":"branch","line":62,"loc":{"start":{"line":62,"column":12},"end":{"line":62,"column":47}},"locations":[{"start":{"line":62,"column":12},"end":{"line":62,"column":47}}]},"4":{"type":"branch","line":65,"loc":{"start":{"line":65,"column":10},"end":{"line":65,"column":34}},"locations":[{"start":{"line":65,"column":10},"end":{"line":65,"column":34}}]},"5":{"type":"branch","line":23,"loc":{"start":{"line":23,"column":12},"end":{"line":37,"column":5}},"locations":[{"start":{"line":23,"column":12},"end":{"line":37,"column":5}}]},"6":{"type":"branch","line":24,"loc":{"start":{"line":24,"column":27},"end":{"line":34,"column":6}},"locations":[{"start":{"line":24,"column":27},"end":{"line":34,"column":6}}]},"7":{"type":"branch","line":25,"loc":{"start":{"line":25,"column":21},"end":{"line":27,"column":17}},"locations":[{"start":{"line":25,"column":21},"end":{"line":27,"column":17}}]},"8":{"type":"branch","line":27,"loc":{"start":{"line":27,"column":6},"end":{"line":33,"column":7}},"locations":[{"start":{"line":27,"column":6},"end":{"line":33,"column":7}}]},"9":{"type":"branch","line":27,"loc":{"start":{"line":27,"column":31},"end":{"line":29,"column":17}},"locations":[{"start":{"line":27,"column":31},"end":{"line":29,"column":17}}]},"10":{"type":"branch","line":29,"loc":{"start":{"line":29,"column":6},"end":{"line":33,"column":7}},"locations":[{"start":{"line":29,"column":6},"end":{"line":33,"column":7}}]},"11":{"type":"branch","line":29,"loc":{"start":{"line":29,"column":26},"end":{"line":31,"column":13}},"locations":[{"start":{"line":29,"column":26},"end":{"line":31,"column":13}}]},"12":{"type":"branch","line":31,"loc":{"start":{"line":31,"column":6},"end":{"line":33,"column":7}},"locations":[{"start":{"line":31,"column":6},"end":{"line":33,"column":7}}]},"13":{"type":"branch","line":39,"loc":{"start":{"line":39,"column":19},"end":{"line":44,"column":4}},"locations":[{"start":{"line":39,"column":19},"end":{"line":44,"column":4}}]}},"b":{"0":[31],"1":[5],"2":[26],"3":[0],"4":[5],"5":[12],"6":[12],"7":[2],"8":[10],"9":[2],"10":[8],"11":[2],"12":[6],"13":[1]},"fnMap":{"0":{"name":"CustomModal","decl":{"start":{"line":5,"column":27},"end":{"line":68,"column":2}},"loc":{"start":{"line":5,"column":27},"end":{"line":68,"column":2}},"line":5},"1":{"name":"determineTitle","decl":{"start":{"line":24,"column":27},"end":{"line":34,"column":6}},"loc":{"start":{"line":24,"column":27},"end":{"line":34,"column":6}},"line":24},"2":{"name":"handleOk","decl":{"start":{"line":39,"column":19},"end":{"line":44,"column":4}},"loc":{"start":{"line":39,"column":19},"end":{"line":44,"column":4}},"line":39}},"f":{"0":31,"1":12,"2":1}}
,"E:\\prueba-tecnica-experis\\src\\components\\sidebar\\Sidebar.tsx": {"path":"E:\\prueba-tecnica-experis\\src\\components\\sidebar\\Sidebar.tsx","all":false,"statementMap":{"0":{"start":{"line":1,"column":0},"end":{"line":1,"column":55}},"8":{"start":{"line":9,"column":0},"end":{"line":9,"column":23}},"10":{"start":{"line":11,"column":0},"end":{"line":11,"column":36}},"11":{"start":{"line":12,"column":0},"end":{"line":12,"column":34}},"29":{"start":{"line":30,"column":0},"end":{"line":30,"column":54}},"30":{"start":{"line":31,"column":0},"end":{"line":31,"column":10}},"31":{"start":{"line":32,"column":0},"end":{"line":32,"column":8}},"32":{"start":{"line":33,"column":0},"end":{"line":33,"column":43}},"33":{"start":{"line":34,"column":0},"end":{"line":34,"column":25}},"34":{"start":{"line":35,"column":0},"end":{"line":35,"column":94}},"36":{"start":{"line":37,"column":0},"end":{"line":37,"column":12}},"37":{"start":{"line":38,"column":0},"end":{"line":38,"column":68}},"38":{"start":{"line":39,"column":0},"end":{"line":39,"column":18}},"39":{"start":{"line":40,"column":0},"end":{"line":40,"column":45}},"40":{"start":{"line":41,"column":0},"end":{"line":41,"column":51}},"41":{"start":{"line":42,"column":0},"end":{"line":42,"column":32}},"42":{"start":{"line":43,"column":0},"end":{"line":43,"column":58}},"43":{"start":{"line":44,"column":0},"end":{"line":44,"column":77}},"44":{"start":{"line":45,"column":0},"end":{"line":45,"column":33}},"45":{"start":{"line":46,"column":0},"end":{"line":46,"column":25}},"46":{"start":{"line":47,"column":0},"end":{"line":47,"column":19}},"48":{"start":{"line":49,"column":0},"end":{"line":49,"column":11}},"49":{"start":{"line":50,"column":0},"end":{"line":50,"column":13}},"50":{"start":{"line":51,"column":0},"end":{"line":51,"column":10}},"52":{"start":{"line":53,"column":0},"end":{"line":53,"column":3}},"54":{"start":{"line":55,"column":0},"end":{"line":55,"column":23}}},"s":{"0":1,"8":1,"10":1,"11":1,"29":1,"30":2,"31":2,"32":2,"33":2,"34":2,"36":2,"37":2,"38":4,"39":4,"40":4,"41":4,"42":4,"43":4,"44":4,"45":4,"46":4,"48":2,"49":2,"50":2,"52":2,"54":1},"branchMap":{"0":{"type":"branch","line":30,"loc":{"start":{"line":30,"column":21},"end":{"line":53,"column":3}},"locations":[{"start":{"line":30,"column":21},"end":{"line":53,"column":3}}]},"1":{"type":"branch","line":38,"loc":{"start":{"line":38,"column":28},"end":{"line":49,"column":9}},"locations":[{"start":{"line":38,"column":28},"end":{"line":49,"column":9}}]}},"b":{"0":[2],"1":[4]},"fnMap":{},"f":{}}
,"E:\\prueba-tecnica-experis\\src\\components\\sidebar\\constans\\navigationList.tsx": {"path":"E:\\prueba-tecnica-experis\\src\\components\\sidebar\\constans\\navigationList.tsx","all":false,"statementMap":{"0":{"start":{"line":1,"column":0},"end":{"line":1,"column":58}},"5":{"start":{"line":6,"column":0},"end":{"line":6,"column":50}},"6":{"start":{"line":7,"column":0},"end":{"line":7,"column":3}},"7":{"start":{"line":8,"column":0},"end":{"line":8,"column":22}},"8":{"start":{"line":9,"column":0},"end":{"line":9,"column":14}},"9":{"start":{"line":10,"column":0},"end":{"line":10,"column":28}},"10":{"start":{"line":11,"column":0},"end":{"line":11,"column":18}},"11":{"start":{"line":12,"column":0},"end":{"line":12,"column":4}},"12":{"start":{"line":13,"column":0},"end":{"line":13,"column":3}},"13":{"start":{"line":14,"column":0},"end":{"line":14,"column":24}},"14":{"start":{"line":15,"column":0},"end":{"line":15,"column":24}},"15":{"start":{"line":16,"column":0},"end":{"line":16,"column":43}},"16":{"start":{"line":17,"column":0},"end":{"line":17,"column":18}},"17":{"start":{"line":18,"column":0},"end":{"line":18,"column":4}},"18":{"start":{"line":19,"column":0},"end":{"line":19,"column":2}}},"s":{"0":1,"5":1,"6":1,"7":1,"8":1,"9":1,"10":1,"11":1,"12":1,"13":1,"14":1,"15":1,"16":1,"17":1,"18":1},"branchMap":{},"b":{},"fnMap":{},"f":{}}
,"E:\\prueba-tecnica-experis\\src\\interfaces\\posts.ts": {"path":"E:\\prueba-tecnica-experis\\src\\interfaces\\posts.ts","all":true,"statementMap":{},"s":{},"branchMap":{"0":{"type":"branch","line":1,"loc":{"start":{"line":1,"column":246},"end":{"line":10,"column":57}},"locations":[{"start":{"line":1,"column":246},"end":{"line":10,"column":57}}]}},"b":{"0":[1]},"fnMap":{"0":{"name":"(empty-report)","decl":{"start":{"line":1,"column":246},"end":{"line":10,"column":57}},"loc":{"start":{"line":1,"column":246},"end":{"line":10,"column":57}},"line":1}},"f":{"0":1}}
,"E:\\prueba-tecnica-experis\\src\\pages\\createPost\\createPost.test.tsx": {"path":"E:\\prueba-tecnica-experis\\src\\pages\\createPost\\createPost.test.tsx","all":false,"statementMap":{"0":{"start":{"line":1,"column":0},"end":{"line":1,"column":8}},"6":{"start":{"line":7,"column":0},"end":{"line":7,"column":32}},"7":{"start":{"line":8,"column":0},"end":{"line":8,"column":46}},"8":{"start":{"line":9,"column":0},"end":{"line":9,"column":59}},"9":{"start":{"line":10,"column":0},"end":{"line":10,"column":38}},"11":{"start":{"line":12,"column":0},"end":{"line":12,"column":63}},"12":{"start":{"line":13,"column":0},"end":{"line":13,"column":44}},"13":{"start":{"line":14,"column":0},"end":{"line":14,"column":27}},"14":{"start":{"line":15,"column":0},"end":{"line":15,"column":64}},"16":{"start":{"line":17,"column":0},"end":{"line":17,"column":51}},"17":{"start":{"line":18,"column":0},"end":{"line":18,"column":64}},"18":{"start":{"line":19,"column":0},"end":{"line":19,"column":47}},"20":{"start":{"line":21,"column":0},"end":{"line":21,"column":16}},"22":{"start":{"line":23,"column":0},"end":{"line":23,"column":40}},"23":{"start":{"line":24,"column":0},"end":{"line":24,"column":40}},"25":{"start":{"line":26,"column":0},"end":{"line":26,"column":55}},"26":{"start":{"line":27,"column":0},"end":{"line":27,"column":18}},"27":{"start":{"line":28,"column":0},"end":{"line":28,"column":48}},"28":{"start":{"line":29,"column":0},"end":{"line":29,"column":47}},"29":{"start":{"line":30,"column":0},"end":{"line":30,"column":18}},"30":{"start":{"line":31,"column":0},"end":{"line":31,"column":66}},"31":{"start":{"line":32,"column":0},"end":{"line":32,"column":69}},"32":{"start":{"line":33,"column":0},"end":{"line":33,"column":19}},"33":{"start":{"line":34,"column":0},"end":{"line":34,"column":23}},"34":{"start":{"line":35,"column":0},"end":{"line":35,"column":28}},"35":{"start":{"line":36,"column":0},"end":{"line":36,"column":6}},"36":{"start":{"line":37,"column":0},"end":{"line":37,"column":4}},"38":{"start":{"line":39,"column":0},"end":{"line":39,"column":56}},"39":{"start":{"line":40,"column":0},"end":{"line":40,"column":22}},"41":{"start":{"line":42,"column":0},"end":{"line":42,"column":65}},"42":{"start":{"line":43,"column":0},"end":{"line":43,"column":65}},"43":{"start":{"line":44,"column":0},"end":{"line":44,"column":64}},"44":{"start":{"line":45,"column":0},"end":{"line":45,"column":80}},"45":{"start":{"line":46,"column":0},"end":{"line":46,"column":5}},"47":{"start":{"line":48,"column":0},"end":{"line":48,"column":73}},"48":{"start":{"line":49,"column":0},"end":{"line":49,"column":22}},"50":{"start":{"line":51,"column":0},"end":{"line":51,"column":67}},"51":{"start":{"line":52,"column":0},"end":{"line":52,"column":28}},"53":{"start":{"line":54,"column":0},"end":{"line":54,"column":25}},"54":{"start":{"line":55,"column":0},"end":{"line":55,"column":13}},"55":{"start":{"line":56,"column":0},"end":{"line":56,"column":56}},"56":{"start":{"line":57,"column":0},"end":{"line":57,"column":28}},"57":{"start":{"line":58,"column":0},"end":{"line":58,"column":7}},"58":{"start":{"line":59,"column":0},"end":{"line":59,"column":5}},"60":{"start":{"line":61,"column":0},"end":{"line":61,"column":72}},"61":{"start":{"line":62,"column":0},"end":{"line":62,"column":15}},"62":{"start":{"line":63,"column":0},"end":{"line":63,"column":16}},"63":{"start":{"line":64,"column":0},"end":{"line":64,"column":53}},"64":{"start":{"line":65,"column":0},"end":{"line":65,"column":34}},"65":{"start":{"line":66,"column":0},"end":{"line":66,"column":7}},"66":{"start":{"line":67,"column":0},"end":{"line":67,"column":6}},"67":{"start":{"line":68,"column":0},"end":{"line":68,"column":22}},"69":{"start":{"line":70,"column":0},"end":{"line":70,"column":25}},"70":{"start":{"line":71,"column":0},"end":{"line":71,"column":67}},"71":{"start":{"line":72,"column":0},"end":{"line":72,"column":67}},"72":{"start":{"line":73,"column":0},"end":{"line":73,"column":66}},"73":{"start":{"line":74,"column":0},"end":{"line":74,"column":13}},"74":{"start":{"line":75,"column":0},"end":{"line":75,"column":55}},"75":{"start":{"line":76,"column":0},"end":{"line":76,"column":28}},"76":{"start":{"line":77,"column":0},"end":{"line":77,"column":7}},"78":{"start":{"line":79,"column":0},"end":{"line":79,"column":27}},"79":{"start":{"line":80,"column":0},"end":{"line":80,"column":58}},"80":{"start":{"line":81,"column":0},"end":{"line":81,"column":17}},"81":{"start":{"line":82,"column":0},"end":{"line":82,"column":28}},"82":{"start":{"line":83,"column":0},"end":{"line":83,"column":10}},"83":{"start":{"line":84,"column":0},"end":{"line":84,"column":9}},"84":{"start":{"line":85,"column":0},"end":{"line":85,"column":57}},"85":{"start":{"line":86,"column":0},"end":{"line":86,"column":17}},"86":{"start":{"line":87,"column":0},"end":{"line":87,"column":33}},"87":{"start":{"line":88,"column":0},"end":{"line":88,"column":10}},"88":{"start":{"line":89,"column":0},"end":{"line":89,"column":9}},"90":{"start":{"line":91,"column":0},"end":{"line":91,"column":69}},"91":{"start":{"line":92,"column":0},"end":{"line":92,"column":30}},"92":{"start":{"line":93,"column":0},"end":{"line":93,"column":7}},"94":{"start":{"line":95,"column":0},"end":{"line":95,"column":69}},"95":{"start":{"line":96,"column":0},"end":{"line":96,"column":73}},"97":{"start":{"line":98,"column":0},"end":{"line":98,"column":25}},"98":{"start":{"line":99,"column":0},"end":{"line":99,"column":13}},"99":{"start":{"line":100,"column":0},"end":{"line":100,"column":59}},"100":{"start":{"line":101,"column":0},"end":{"line":101,"column":28}},"101":{"start":{"line":102,"column":0},"end":{"line":102,"column":7}},"102":{"start":{"line":103,"column":0},"end":{"line":103,"column":5}},"104":{"start":{"line":105,"column":0},"end":{"line":105,"column":64}},"105":{"start":{"line":106,"column":0},"end":{"line":106,"column":15}},"106":{"start":{"line":107,"column":0},"end":{"line":107,"column":16}},"107":{"start":{"line":108,"column":0},"end":{"line":108,"column":53}},"108":{"start":{"line":109,"column":0},"end":{"line":109,"column":34}},"109":{"start":{"line":110,"column":0},"end":{"line":110,"column":7}},"110":{"start":{"line":111,"column":0},"end":{"line":111,"column":6}},"111":{"start":{"line":112,"column":0},"end":{"line":112,"column":11}},"112":{"start":{"line":113,"column":0},"end":{"line":113,"column":48}},"113":{"start":{"line":114,"column":0},"end":{"line":114,"column":57}},"114":{"start":{"line":115,"column":0},"end":{"line":115,"column":18}},"115":{"start":{"line":116,"column":0},"end":{"line":116,"column":43}},"116":{"start":{"line":117,"column":0},"end":{"line":117,"column":70}},"117":{"start":{"line":118,"column":0},"end":{"line":118,"column":56}},"118":{"start":{"line":119,"column":0},"end":{"line":119,"column":20}},"119":{"start":{"line":120,"column":0},"end":{"line":120,"column":19}},"120":{"start":{"line":121,"column":0},"end":{"line":121,"column":23}},"121":{"start":{"line":122,"column":0},"end":{"line":122,"column":28}},"122":{"start":{"line":123,"column":0},"end":{"line":123,"column":6}},"124":{"start":{"line":125,"column":0},"end":{"line":125,"column":25}},"125":{"start":{"line":126,"column":0},"end":{"line":126,"column":65}},"126":{"start":{"line":127,"column":0},"end":{"line":127,"column":76}},"127":{"start":{"line":128,"column":0},"end":{"line":128,"column":7}},"129":{"start":{"line":130,"column":0},"end":{"line":130,"column":56}},"130":{"start":{"line":131,"column":0},"end":{"line":131,"column":15}},"131":{"start":{"line":132,"column":0},"end":{"line":132,"column":14}},"132":{"start":{"line":133,"column":0},"end":{"line":133,"column":87}},"133":{"start":{"line":134,"column":0},"end":{"line":134,"column":8}},"134":{"start":{"line":135,"column":0},"end":{"line":135,"column":7}},"135":{"start":{"line":136,"column":0},"end":{"line":136,"column":55}},"136":{"start":{"line":137,"column":0},"end":{"line":137,"column":15}},"137":{"start":{"line":138,"column":0},"end":{"line":138,"column":14}},"138":{"start":{"line":139,"column":0},"end":{"line":139,"column":174}},"139":{"start":{"line":140,"column":0},"end":{"line":140,"column":8}},"140":{"start":{"line":141,"column":0},"end":{"line":141,"column":7}},"142":{"start":{"line":143,"column":0},"end":{"line":143,"column":67}},"143":{"start":{"line":144,"column":0},"end":{"line":144,"column":28}},"145":{"start":{"line":146,"column":0},"end":{"line":146,"column":25}},"146":{"start":{"line":147,"column":0},"end":{"line":147,"column":13}},"147":{"start":{"line":148,"column":0},"end":{"line":148,"column":59}},"148":{"start":{"line":149,"column":0},"end":{"line":149,"column":28}},"149":{"start":{"line":150,"column":0},"end":{"line":150,"column":7}},"151":{"start":{"line":152,"column":0},"end":{"line":152,"column":59}},"152":{"start":{"line":153,"column":0},"end":{"line":153,"column":18}},"153":{"start":{"line":154,"column":0},"end":{"line":154,"column":7}},"155":{"start":{"line":156,"column":0},"end":{"line":156,"column":40}},"157":{"start":{"line":158,"column":0},"end":{"line":158,"column":25}},"158":{"start":{"line":159,"column":0},"end":{"line":159,"column":65}},"159":{"start":{"line":160,"column":0},"end":{"line":160,"column":7}},"160":{"start":{"line":161,"column":0},"end":{"line":161,"column":5}},"162":{"start":{"line":163,"column":0},"end":{"line":163,"column":83}},"163":{"start":{"line":164,"column":0},"end":{"line":164,"column":15}},"164":{"start":{"line":165,"column":0},"end":{"line":165,"column":16}},"165":{"start":{"line":166,"column":0},"end":{"line":166,"column":53}},"166":{"start":{"line":167,"column":0},"end":{"line":167,"column":34}},"167":{"start":{"line":168,"column":0},"end":{"line":168,"column":7}},"168":{"start":{"line":169,"column":0},"end":{"line":169,"column":6}},"169":{"start":{"line":170,"column":0},"end":{"line":170,"column":11}},"170":{"start":{"line":171,"column":0},"end":{"line":171,"column":48}},"171":{"start":{"line":172,"column":0},"end":{"line":172,"column":57}},"172":{"start":{"line":173,"column":0},"end":{"line":173,"column":18}},"173":{"start":{"line":174,"column":0},"end":{"line":174,"column":43}},"174":{"start":{"line":175,"column":0},"end":{"line":175,"column":70}},"175":{"start":{"line":176,"column":0},"end":{"line":176,"column":20}},"176":{"start":{"line":177,"column":0},"end":{"line":177,"column":19}},"177":{"start":{"line":178,"column":0},"end":{"line":178,"column":23}},"178":{"start":{"line":179,"column":0},"end":{"line":179,"column":28}},"179":{"start":{"line":180,"column":0},"end":{"line":180,"column":6}},"181":{"start":{"line":182,"column":0},"end":{"line":182,"column":25}},"182":{"start":{"line":183,"column":0},"end":{"line":183,"column":65}},"183":{"start":{"line":184,"column":0},"end":{"line":184,"column":76}},"184":{"start":{"line":185,"column":0},"end":{"line":185,"column":7}},"186":{"start":{"line":187,"column":0},"end":{"line":187,"column":56}},"187":{"start":{"line":188,"column":0},"end":{"line":188,"column":15}},"188":{"start":{"line":189,"column":0},"end":{"line":189,"column":18}},"189":{"start":{"line":190,"column":0},"end":{"line":190,"column":8}},"190":{"start":{"line":191,"column":0},"end":{"line":191,"column":7}},"191":{"start":{"line":192,"column":0},"end":{"line":192,"column":55}},"192":{"start":{"line":193,"column":0},"end":{"line":193,"column":15}},"193":{"start":{"line":194,"column":0},"end":{"line":194,"column":14}},"194":{"start":{"line":195,"column":0},"end":{"line":195,"column":174}},"195":{"start":{"line":196,"column":0},"end":{"line":196,"column":8}},"196":{"start":{"line":197,"column":0},"end":{"line":197,"column":7}},"198":{"start":{"line":199,"column":0},"end":{"line":199,"column":67}},"199":{"start":{"line":200,"column":0},"end":{"line":200,"column":28}},"201":{"start":{"line":202,"column":0},"end":{"line":202,"column":25}},"202":{"start":{"line":203,"column":0},"end":{"line":203,"column":13}},"203":{"start":{"line":204,"column":0},"end":{"line":204,"column":56}},"204":{"start":{"line":205,"column":0},"end":{"line":205,"column":28}},"205":{"start":{"line":206,"column":0},"end":{"line":206,"column":7}},"206":{"start":{"line":207,"column":0},"end":{"line":207,"column":5}},"207":{"start":{"line":208,"column":0},"end":{"line":208,"column":3}}},"s":{"0":1,"6":1,"7":1,"8":1,"9":1,"11":1,"12":1,"13":1,"14":1,"16":1,"17":1,"18":1,"20":1,"22":1,"23":1,"25":1,"26":3,"27":3,"28":3,"29":3,"30":3,"31":3,"32":3,"33":3,"34":3,"35":3,"36":3,"38":1,"39":1,"41":1,"42":1,"43":1,"44":1,"45":1,"47":1,"48":1,"50":1,"51":1,"53":1,"54":1,"55":1,"56":1,"57":1,"58":1,"60":1,"61":1,"62":1,"63":1,"64":1,"65":1,"66":1,"67":1,"69":1,"70":1,"71":1,"72":1,"73":1,"74":1,"75":1,"76":1,"78":1,"79":1,"80":1,"81":1,"82":1,"83":1,"84":1,"85":1,"86":1,"87":1,"88":1,"90":1,"91":1,"92":1,"94":1,"95":1,"97":1,"98":1,"99":1,"100":1,"101":1,"102":1,"104":1,"105":1,"106":1,"107":1,"108":1,"109":1,"110":1,"111":1,"112":1,"113":1,"114":1,"115":1,"116":1,"117":1,"118":1,"119":1,"120":1,"121":1,"122":1,"124":1,"125":3,"126":3,"127":1,"129":1,"130":1,"131":1,"132":1,"133":1,"134":1,"135":1,"136":1,"137":1,"138":1,"139":1,"140":1,"142":1,"143":1,"145":1,"146":2,"147":2,"148":2,"149":1,"151":1,"152":1,"153":1,"155":1,"157":1,"158":1,"159":1,"160":1,"162":1,"163":1,"164":1,"165":1,"166":1,"167":1,"168":1,"169":1,"170":1,"171":1,"172":1,"173":1,"174":1,"175":1,"176":1,"177":1,"178":1,"179":1,"181":1,"182":1,"183":1,"184":1,"186":1,"187":1,"188":1,"189":1,"190":1,"191":1,"192":1,"193":1,"194":1,"195":1,"196":1,"198":1,"199":1,"201":1,"202":1,"203":1,"204":1,"205":1,"206":1,"207":1},"branchMap":{"0":{"type":"branch","line":23,"loc":{"start":{"line":23,"column":33},"end":{"line":208,"column":3}},"locations":[{"start":{"line":23,"column":33},"end":{"line":208,"column":3}}]},"1":{"type":"branch","line":26,"loc":{"start":{"line":26,"column":26},"end":{"line":37,"column":4}},"locations":[{"start":{"line":26,"column":26},"end":{"line":37,"column":4}}]},"2":{"type":"branch","line":39,"loc":{"start":{"line":39,"column":49},"end":{"line":46,"column":3}},"locations":[{"start":{"line":39,"column":49},"end":{"line":46,"column":3}}]},"3":{"type":"branch","line":48,"loc":{"start":{"line":48,"column":60},"end":{"line":59,"column":3}},"locations":[{"start":{"line":48,"column":60},"end":{"line":59,"column":3}}]},"4":{"type":"branch","line":54,"loc":{"start":{"line":54,"column":18},"end":{"line":58,"column":5}},"locations":[{"start":{"line":54,"column":18},"end":{"line":58,"column":5}}]},"5":{"type":"branch","line":61,"loc":{"start":{"line":61,"column":59},"end":{"line":103,"column":3}},"locations":[{"start":{"line":61,"column":59},"end":{"line":103,"column":3}}]},"6":{"type":"branch","line":70,"loc":{"start":{"line":70,"column":18},"end":{"line":77,"column":5}},"locations":[{"start":{"line":70,"column":18},"end":{"line":77,"column":5}}]},"7":{"type":"branch","line":79,"loc":{"start":{"line":79,"column":14},"end":{"line":93,"column":5}},"locations":[{"start":{"line":79,"column":14},"end":{"line":93,"column":5}}]},"8":{"type":"branch","line":98,"loc":{"start":{"line":98,"column":18},"end":{"line":102,"column":5}},"locations":[{"start":{"line":98,"column":18},"end":{"line":102,"column":5}}]},"9":{"type":"branch","line":105,"loc":{"start":{"line":105,"column":51},"end":{"line":161,"column":3}},"locations":[{"start":{"line":105,"column":51},"end":{"line":161,"column":3}}]},"10":{"type":"branch","line":125,"loc":{"start":{"line":125,"column":18},"end":{"line":128,"column":5}},"locations":[{"start":{"line":125,"column":18},"end":{"line":128,"column":5}}]},"11":{"type":"branch","line":146,"loc":{"start":{"line":146,"column":18},"end":{"line":150,"column":5}},"locations":[{"start":{"line":146,"column":18},"end":{"line":150,"column":5}}]},"12":{"type":"branch","line":158,"loc":{"start":{"line":158,"column":18},"end":{"line":160,"column":5}},"locations":[{"start":{"line":158,"column":18},"end":{"line":160,"column":5}}]},"13":{"type":"branch","line":163,"loc":{"start":{"line":163,"column":70},"end":{"line":207,"column":3}},"locations":[{"start":{"line":163,"column":70},"end":{"line":207,"column":3}}]},"14":{"type":"branch","line":182,"loc":{"start":{"line":182,"column":18},"end":{"line":185,"column":5}},"locations":[{"start":{"line":182,"column":18},"end":{"line":185,"column":5}}]},"15":{"type":"branch","line":202,"loc":{"start":{"line":202,"column":18},"end":{"line":206,"column":5}},"locations":[{"start":{"line":202,"column":18},"end":{"line":206,"column":5}}]}},"b":{"0":[1],"1":[3],"2":[1],"3":[1],"4":[1],"5":[1],"6":[1],"7":[1],"8":[1],"9":[1],"10":[3],"11":[2],"12":[1],"13":[1],"14":[1],"15":[1]},"fnMap":{"0":{"name":"renderComponent","decl":{"start":{"line":26,"column":26},"end":{"line":37,"column":4}},"loc":{"start":{"line":26,"column":26},"end":{"line":37,"column":4}},"line":26}},"f":{"0":3}}
,"E:\\prueba-tecnica-experis\\src\\pages\\createPost\\createPost.tsx": {"path":"E:\\prueba-tecnica-experis\\src\\pages\\createPost\\createPost.tsx","all":false,"statementMap":{"0":{"start":{"line":1,"column":0},"end":{"line":1,"column":52}},"11":{"start":{"line":12,"column":0},"end":{"line":12,"column":38}},"12":{"start":{"line":13,"column":0},"end":{"line":13,"column":29}},"14":{"start":{"line":15,"column":0},"end":{"line":15,"column":41}},"15":{"start":{"line":16,"column":0},"end":{"line":16,"column":39}},"16":{"start":{"line":17,"column":0},"end":{"line":17,"column":56}},"17":{"start":{"line":18,"column":0},"end":{"line":18,"column":80}},"18":{"start":{"line":19,"column":0},"end":{"line":19,"column":8}},"19":{"start":{"line":20,"column":0},"end":{"line":20,"column":4}},"21":{"start":{"line":22,"column":0},"end":{"line":22,"column":62}},"22":{"start":{"line":23,"column":0},"end":{"line":23,"column":29}},"23":{"start":{"line":24,"column":0},"end":{"line":24,"column":44}},"25":{"start":{"line":26,"column":0},"end":{"line":26,"column":25}},"26":{"start":{"line":27,"column":0},"end":{"line":27,"column":5}},"28":{"start":{"line":29,"column":0},"end":{"line":29,"column":66}},"29":{"start":{"line":30,"column":0},"end":{"line":30,"column":45}},"30":{"start":{"line":31,"column":0},"end":{"line":31,"column":73}},"31":{"start":{"line":32,"column":0},"end":{"line":32,"column":6}},"32":{"start":{"line":33,"column":0},"end":{"line":33,"column":5}},"34":{"start":{"line":35,"column":0},"end":{"line":35,"column":66}},"35":{"start":{"line":36,"column":0},"end":{"line":36,"column":43}},"36":{"start":{"line":37,"column":0},"end":{"line":37,"column":53}},"37":{"start":{"line":38,"column":0},"end":{"line":38,"column":6}},"38":{"start":{"line":39,"column":0},"end":{"line":39,"column":5}},"40":{"start":{"line":41,"column":0},"end":{"line":41,"column":27}},"41":{"start":{"line":42,"column":0},"end":{"line":42,"column":25}},"42":{"start":{"line":43,"column":0},"end":{"line":43,"column":4}},"44":{"start":{"line":45,"column":0},"end":{"line":45,"column":34}},"45":{"start":{"line":46,"column":0},"end":{"line":46,"column":26}},"46":{"start":{"line":47,"column":0},"end":{"line":47,"column":54}},"47":{"start":{"line":48,"column":0},"end":{"line":48,"column":18}},"48":{"start":{"line":49,"column":0},"end":{"line":49,"column":13}},"49":{"start":{"line":50,"column":0},"end":{"line":50,"column":5}},"51":{"start":{"line":52,"column":0},"end":{"line":52,"column":20}},"52":{"start":{"line":53,"column":0},"end":{"line":53,"column":27}},"53":{"start":{"line":54,"column":0},"end":{"line":54,"column":22}},"54":{"start":{"line":55,"column":0},"end":{"line":55,"column":14}},"55":{"start":{"line":56,"column":0},"end":{"line":56,"column":13}},"56":{"start":{"line":57,"column":0},"end":{"line":57,"column":9}},"57":{"start":{"line":58,"column":0},"end":{"line":58,"column":5}},"59":{"start":{"line":60,"column":0},"end":{"line":60,"column":16}},"60":{"start":{"line":61,"column":0},"end":{"line":61,"column":4}},"62":{"start":{"line":63,"column":0},"end":{"line":63,"column":36}},"63":{"start":{"line":64,"column":0},"end":{"line":64,"column":26}},"64":{"start":{"line":65,"column":0},"end":{"line":65,"column":54}},"65":{"start":{"line":66,"column":0},"end":{"line":66,"column":18}},"66":{"start":{"line":67,"column":0},"end":{"line":67,"column":13}},"67":{"start":{"line":68,"column":0},"end":{"line":68,"column":5}},"68":{"start":{"line":69,"column":0},"end":{"line":69,"column":27}},"69":{"start":{"line":70,"column":0},"end":{"line":70,"column":12}},"70":{"start":{"line":71,"column":0},"end":{"line":71,"column":11}},"71":{"start":{"line":72,"column":0},"end":{"line":72,"column":7}},"72":{"start":{"line":73,"column":0},"end":{"line":73,"column":16}},"73":{"start":{"line":74,"column":0},"end":{"line":74,"column":4}},"75":{"start":{"line":76,"column":0},"end":{"line":76,"column":19}},"76":{"start":{"line":77,"column":0},"end":{"line":77,"column":28}},"77":{"start":{"line":78,"column":0},"end":{"line":78,"column":27}},"78":{"start":{"line":79,"column":0},"end":{"line":79,"column":25}},"79":{"start":{"line":80,"column":0},"end":{"line":80,"column":12}},"80":{"start":{"line":81,"column":0},"end":{"line":81,"column":19}},"81":{"start":{"line":82,"column":0},"end":{"line":82,"column":18}},"82":{"start":{"line":83,"column":0},"end":{"line":83,"column":5}},"83":{"start":{"line":84,"column":0},"end":{"line":84,"column":24}},"85":{"start":{"line":86,"column":0},"end":{"line":86,"column":18}},"86":{"start":{"line":87,"column":0},"end":{"line":87,"column":33}},"87":{"start":{"line":88,"column":0},"end":{"line":88,"column":3}},"89":{"start":{"line":90,"column":0},"end":{"line":90,"column":14}},"90":{"start":{"line":91,"column":0},"end":{"line":91,"column":46}},"91":{"start":{"line":92,"column":0},"end":{"line":92,"column":3}},"93":{"start":{"line":94,"column":0},"end":{"line":94,"column":10}},"94":{"start":{"line":95,"column":0},"end":{"line":95,"column":48}},"95":{"start":{"line":96,"column":0},"end":{"line":96,"column":50}},"96":{"start":{"line":97,"column":0},"end":{"line":97,"column":49}},"97":{"start":{"line":98,"column":0},"end":{"line":98,"column":11}},"98":{"start":{"line":99,"column":0},"end":{"line":99,"column":63}},"99":{"start":{"line":100,"column":0},"end":{"line":100,"column":84}},"100":{"start":{"line":101,"column":0},"end":{"line":101,"column":15}},"101":{"start":{"line":102,"column":0},"end":{"line":102,"column":50}},"102":{"start":{"line":103,"column":0},"end":{"line":103,"column":18}},"103":{"start":{"line":104,"column":0},"end":{"line":104,"column":39}},"104":{"start":{"line":105,"column":0},"end":{"line":105,"column":27}},"105":{"start":{"line":106,"column":0},"end":{"line":106,"column":56}},"106":{"start":{"line":107,"column":0},"end":{"line":107,"column":43}},"107":{"start":{"line":108,"column":0},"end":{"line":108,"column":14}},"108":{"start":{"line":109,"column":0},"end":{"line":109,"column":16}},"109":{"start":{"line":110,"column":0},"end":{"line":110,"column":15}},"110":{"start":{"line":111,"column":0},"end":{"line":111,"column":48}},"111":{"start":{"line":112,"column":0},"end":{"line":112,"column":21}},"112":{"start":{"line":113,"column":0},"end":{"line":113,"column":52}},"113":{"start":{"line":114,"column":0},"end":{"line":114,"column":24}},"114":{"start":{"line":115,"column":0},"end":{"line":115,"column":26}},"115":{"start":{"line":116,"column":0},"end":{"line":116,"column":55}},"116":{"start":{"line":117,"column":0},"end":{"line":117,"column":22}},"117":{"start":{"line":118,"column":0},"end":{"line":118,"column":42}},"118":{"start":{"line":119,"column":0},"end":{"line":119,"column":43}},"119":{"start":{"line":120,"column":0},"end":{"line":120,"column":14}},"120":{"start":{"line":121,"column":0},"end":{"line":121,"column":16}},"121":{"start":{"line":122,"column":0},"end":{"line":122,"column":15}},"122":{"start":{"line":123,"column":0},"end":{"line":123,"column":19}},"123":{"start":{"line":124,"column":0},"end":{"line":124,"column":28}},"124":{"start":{"line":125,"column":0},"end":{"line":125,"column":73}},"126":{"start":{"line":127,"column":0},"end":{"line":127,"column":47}},"127":{"start":{"line":128,"column":0},"end":{"line":128,"column":21}},"128":{"start":{"line":129,"column":0},"end":{"line":129,"column":16}},"129":{"start":{"line":130,"column":0},"end":{"line":130,"column":15}},"130":{"start":{"line":131,"column":0},"end":{"line":131,"column":20}},"131":{"start":{"line":132,"column":0},"end":{"line":132,"column":35}},"132":{"start":{"line":133,"column":0},"end":{"line":133,"column":41}},"133":{"start":{"line":134,"column":0},"end":{"line":134,"column":70}},"134":{"start":{"line":135,"column":0},"end":{"line":135,"column":72}},"135":{"start":{"line":136,"column":0},"end":{"line":136,"column":66}},"136":{"start":{"line":137,"column":0},"end":{"line":137,"column":24}},"137":{"start":{"line":138,"column":0},"end":{"line":138,"column":42}},"138":{"start":{"line":139,"column":0},"end":{"line":139,"column":44}},"139":{"start":{"line":140,"column":0},"end":{"line":140,"column":25}},"141":{"start":{"line":142,"column":0},"end":{"line":142,"column":10}},"142":{"start":{"line":143,"column":0},"end":{"line":143,"column":12}},"143":{"start":{"line":144,"column":0},"end":{"line":144,"column":10}},"145":{"start":{"line":146,"column":0},"end":{"line":146,"column":1}}},"s":{"0":1,"11":26,"12":26,"14":26,"15":26,"16":26,"17":26,"18":26,"19":26,"21":26,"22":26,"23":26,"25":26,"26":26,"28":26,"29":26,"30":1,"31":1,"32":26,"34":26,"35":26,"36":1,"37":1,"38":26,"40":26,"41":4,"42":4,"44":26,"45":2,"46":1,"47":1,"48":1,"49":1,"51":1,"52":1,"53":1,"54":1,"55":1,"56":1,"57":1,"59":1,"60":2,"62":26,"63":2,"64":1,"65":1,"66":1,"67":1,"68":1,"69":1,"70":1,"71":1,"72":1,"73":2,"75":26,"76":8,"77":3,"78":3,"79":7,"80":5,"81":5,"82":5,"83":26,"85":26,"86":2,"87":2,"89":26,"90":0,"91":0,"93":24,"94":24,"95":24,"96":26,"97":26,"98":26,"99":26,"100":26,"101":26,"102":26,"103":26,"104":26,"105":26,"106":26,"107":26,"108":26,"109":26,"110":26,"111":26,"112":26,"113":26,"114":26,"115":26,"116":26,"117":26,"118":26,"119":26,"120":26,"121":26,"122":26,"123":26,"124":26,"126":26,"127":26,"128":26,"129":26,"130":26,"131":26,"132":26,"133":26,"134":26,"135":26,"136":26,"137":26,"138":24,"139":24,"141":26,"142":26,"143":26,"145":26},"branchMap":{"0":{"type":"branch","line":12,"loc":{"start":{"line":12,"column":0},"end":{"line":146,"column":1}},"locations":[{"start":{"line":12,"column":0},"end":{"line":146,"column":1}}]},"1":{"type":"branch","line":86,"loc":{"start":{"line":86,"column":17},"end":{"line":88,"column":3}},"locations":[{"start":{"line":86,"column":17},"end":{"line":88,"column":3}}]},"2":{"type":"branch","line":88,"loc":{"start":{"line":88,"column":2},"end":{"line":90,"column":13}},"locations":[{"start":{"line":88,"column":2},"end":{"line":90,"column":13}}]},"3":{"type":"branch","line":90,"loc":{"start":{"line":90,"column":13},"end":{"line":92,"column":3}},"locations":[{"start":{"line":90,"column":13},"end":{"line":92,"column":3}}]},"4":{"type":"branch","line":92,"loc":{"start":{"line":92,"column":2},"end":{"line":97,"column":35}},"locations":[{"start":{"line":92,"column":2},"end":{"line":97,"column":35}}]},"5":{"type":"branch","line":92,"loc":{"start":{"line":92,"column":2},"end":{"line":97,"column":21}},"locations":[{"start":{"line":92,"column":2},"end":{"line":97,"column":21}}]},"6":{"type":"branch","line":97,"loc":{"start":{"line":97,"column":16},"end":{"line":97,"column":35}},"locations":[{"start":{"line":97,"column":16},"end":{"line":97,"column":35}}]},"7":{"type":"branch","line":97,"loc":{"start":{"line":97,"column":21},"end":{"line":97,"column":49}},"locations":[{"start":{"line":97,"column":21},"end":{"line":97,"column":49}}]},"8":{"type":"branch","line":125,"loc":{"start":{"line":125,"column":30},"end":{"line":125,"column":54}},"locations":[{"start":{"line":125,"column":30},"end":{"line":125,"column":54}}]},"9":{"type":"branch","line":125,"loc":{"start":{"line":125,"column":35},"end":{"line":125,"column":73}},"locations":[{"start":{"line":125,"column":35},"end":{"line":125,"column":73}}]},"10":{"type":"branch","line":127,"loc":{"start":{"line":127,"column":22},"end":{"line":127,"column":38}},"locations":[{"start":{"line":127,"column":22},"end":{"line":127,"column":38}}]},"11":{"type":"branch","line":127,"loc":{"start":{"line":127,"column":27},"end":{"line":127,"column":47}},"locations":[{"start":{"line":127,"column":27},"end":{"line":127,"column":47}}]},"12":{"type":"branch","line":134,"loc":{"start":{"line":134,"column":32},"end":{"line":134,"column":70}},"locations":[{"start":{"line":134,"column":32},"end":{"line":134,"column":70}}]},"13":{"type":"branch","line":135,"loc":{"start":{"line":135,"column":34},"end":{"line":135,"column":72}},"locations":[{"start":{"line":135,"column":34},"end":{"line":135,"column":72}}]},"14":{"type":"branch","line":136,"loc":{"start":{"line":136,"column":32},"end":{"line":136,"column":66}},"locations":[{"start":{"line":136,"column":32},"end":{"line":136,"column":66}}]},"15":{"type":"branch","line":138,"loc":{"start":{"line":138,"column":25},"end":{"line":138,"column":42}},"locations":[{"start":{"line":138,"column":25},"end":{"line":138,"column":42}}]},"16":{"type":"branch","line":138,"loc":{"start":{"line":138,"column":32},"end":{"line":139,"column":44}},"locations":[{"start":{"line":138,"column":32},"end":{"line":139,"column":44}}]},"17":{"type":"branch","line":139,"loc":{"start":{"line":139,"column":27},"end":{"line":139,"column":44}},"locations":[{"start":{"line":139,"column":27},"end":{"line":139,"column":44}}]},"18":{"type":"branch","line":139,"loc":{"start":{"line":139,"column":34},"end":{"line":140,"column":25}},"locations":[{"start":{"line":139,"column":34},"end":{"line":140,"column":25}}]},"19":{"type":"branch","line":24,"loc":{"start":{"line":24,"column":13},"end":{"line":24,"column":44}},"locations":[{"start":{"line":24,"column":13},"end":{"line":24,"column":44}}]},"20":{"type":"branch","line":24,"loc":{"start":{"line":24,"column":34},"end":{"line":24,"column":42}},"locations":[{"start":{"line":24,"column":34},"end":{"line":24,"column":42}}]},"21":{"type":"branch","line":30,"loc":{"start":{"line":30,"column":16},"end":{"line":32,"column":6}},"locations":[{"start":{"line":30,"column":16},"end":{"line":32,"column":6}}]},"22":{"type":"branch","line":36,"loc":{"start":{"line":36,"column":16},"end":{"line":38,"column":6}},"locations":[{"start":{"line":36,"column":16},"end":{"line":38,"column":6}}]},"23":{"type":"branch","line":41,"loc":{"start":{"line":41,"column":20},"end":{"line":43,"column":4}},"locations":[{"start":{"line":41,"column":20},"end":{"line":43,"column":4}}]},"24":{"type":"branch","line":45,"loc":{"start":{"line":45,"column":27},"end":{"line":61,"column":4}},"locations":[{"start":{"line":45,"column":27},"end":{"line":61,"column":4}}]},"25":{"type":"branch","line":46,"loc":{"start":{"line":46,"column":9},"end":{"line":46,"column":25}},"locations":[{"start":{"line":46,"column":9},"end":{"line":46,"column":25}}]},"26":{"type":"branch","line":46,"loc":{"start":{"line":46,"column":25},"end":{"line":60,"column":16}},"locations":[{"start":{"line":46,"column":25},"end":{"line":60,"column":16}}]},"27":{"type":"branch","line":63,"loc":{"start":{"line":63,"column":29},"end":{"line":74,"column":4}},"locations":[{"start":{"line":63,"column":29},"end":{"line":74,"column":4}}]},"28":{"type":"branch","line":64,"loc":{"start":{"line":64,"column":9},"end":{"line":64,"column":25}},"locations":[{"start":{"line":64,"column":9},"end":{"line":64,"column":25}}]},"29":{"type":"branch","line":64,"loc":{"start":{"line":64,"column":25},"end":{"line":73,"column":16}},"locations":[{"start":{"line":64,"column":25},"end":{"line":73,"column":16}}]},"30":{"type":"branch","line":76,"loc":{"start":{"line":76,"column":12},"end":{"line":84,"column":5}},"locations":[{"start":{"line":76,"column":12},"end":{"line":84,"column":5}}]},"31":{"type":"branch","line":77,"loc":{"start":{"line":77,"column":8},"end":{"line":77,"column":27}},"locations":[{"start":{"line":77,"column":8},"end":{"line":77,"column":27}}]},"32":{"type":"branch","line":77,"loc":{"start":{"line":77,"column":27},"end":{"line":83,"column":5}},"locations":[{"start":{"line":77,"column":27},"end":{"line":83,"column":5}}]},"33":{"type":"branch","line":77,"loc":{"start":{"line":77,"column":27},"end":{"line":80,"column":11}},"locations":[{"start":{"line":77,"column":27},"end":{"line":80,"column":11}}]},"34":{"type":"branch","line":80,"loc":{"start":{"line":80,"column":4},"end":{"line":83,"column":5}},"locations":[{"start":{"line":80,"column":4},"end":{"line":83,"column":5}}]},"35":{"type":"branch","line":106,"loc":{"start":{"line":106,"column":24},"end":{"line":106,"column":56}},"locations":[{"start":{"line":106,"column":24},"end":{"line":106,"column":56}}]},"36":{"type":"branch","line":116,"loc":{"start":{"line":116,"column":24},"end":{"line":116,"column":55}},"locations":[{"start":{"line":116,"column":24},"end":{"line":116,"column":55}}]}},"b":{"0":[26],"1":[2],"2":[24],"3":[0],"4":[25],"5":[24],"6":[14],"7":[10],"8":[14],"9":[10],"10":[14],"11":[10],"12":[22],"13":[22],"14":[24],"15":[0],"16":[24],"17":[0],"18":[24],"19":[3],"20":[0],"21":[1],"22":[1],"23":[4],"24":[2],"25":[1],"26":[1],"27":[2],"28":[1],"29":[1],"30":[8],"31":[3],"32":[7],"33":[3],"34":[5],"35":[3],"36":[1]},"fnMap":{"0":{"name":"CreatePost","decl":{"start":{"line":12,"column":0},"end":{"line":146,"column":1}},"loc":{"start":{"line":12,"column":0},"end":{"line":146,"column":1}},"line":12},"1":{"name":"queryFn","decl":{"start":{"line":24,"column":13},"end":{"line":24,"column":44}},"loc":{"start":{"line":24,"column":13},"end":{"line":24,"column":44}},"line":24},"2":{"name":"mutationFn","decl":{"start":{"line":30,"column":16},"end":{"line":32,"column":6}},"loc":{"start":{"line":30,"column":16},"end":{"line":32,"column":6}},"line":30},"3":{"name":"mutationFn","decl":{"start":{"line":36,"column":16},"end":{"line":38,"column":6}},"loc":{"start":{"line":36,"column":16},"end":{"line":38,"column":6}},"line":36},"4":{"name":"showModal","decl":{"start":{"line":41,"column":20},"end":{"line":43,"column":4}},"loc":{"start":{"line":41,"column":20},"end":{"line":43,"column":4}},"line":41},"5":{"name":"handleSubmitEdit","decl":{"start":{"line":45,"column":27},"end":{"line":61,"column":4}},"loc":{"start":{"line":45,"column":27},"end":{"line":61,"column":4}},"line":45},"6":{"name":"handleSubmitCreate","decl":{"start":{"line":63,"column":29},"end":{"line":74,"column":4}},"loc":{"start":{"line":63,"column":29},"end":{"line":74,"column":4}},"line":63},"7":{"name":"onChange","decl":{"start":{"line":106,"column":24},"end":{"line":106,"column":56}},"loc":{"start":{"line":106,"column":24},"end":{"line":106,"column":56}},"line":106},"8":{"name":"onChange","decl":{"start":{"line":116,"column":24},"end":{"line":116,"column":55}},"loc":{"start":{"line":116,"column":24},"end":{"line":116,"column":55}},"line":116}},"f":{"0":26,"1":3,"2":1,"3":1,"4":4,"5":2,"6":2,"7":3,"8":1}}
,"E:\\prueba-tecnica-experis\\src\\pages\\createPost\\mocks\\createPost.ts": {"path":"E:\\prueba-tecnica-experis\\src\\pages\\createPost\\mocks\\createPost.ts","all":false,"statementMap":{"0":{"start":{"line":1,"column":0},"end":{"line":1,"column":35}},"2":{"start":{"line":3,"column":0},"end":{"line":3,"column":63}},"3":{"start":{"line":4,"column":0},"end":{"line":4,"column":28}},"4":{"start":{"line":5,"column":0},"end":{"line":5,"column":12}},"5":{"start":{"line":6,"column":0},"end":{"line":6,"column":22}},"6":{"start":{"line":7,"column":0},"end":{"line":7,"column":26}},"7":{"start":{"line":8,"column":0},"end":{"line":8,"column":5}},"8":{"start":{"line":9,"column":0},"end":{"line":9,"column":2}}},"s":{"0":1,"2":1,"3":2,"4":2,"5":2,"6":2,"7":2,"8":2},"branchMap":{"0":{"type":"branch","line":3,"loc":{"start":{"line":3,"column":42},"end":{"line":9,"column":2}},"locations":[{"start":{"line":3,"column":42},"end":{"line":9,"column":2}}]}},"b":{"0":[2]},"fnMap":{"0":{"name":"mockHttpResponseCreatePost","decl":{"start":{"line":3,"column":42},"end":{"line":9,"column":2}},"loc":{"start":{"line":3,"column":42},"end":{"line":9,"column":2}},"line":3}},"f":{"0":2}}
,"E:\\prueba-tecnica-experis\\src\\pages\\createPost\\mocks\\getPost.ts": {"path":"E:\\prueba-tecnica-experis\\src\\pages\\createPost\\mocks\\getPost.ts","all":false,"statementMap":{"0":{"start":{"line":1,"column":0},"end":{"line":1,"column":35}},"2":{"start":{"line":3,"column":0},"end":{"line":3,"column":60}},"3":{"start":{"line":4,"column":0},"end":{"line":4,"column":28}},"4":{"start":{"line":5,"column":0},"end":{"line":5,"column":14}},"5":{"start":{"line":6,"column":0},"end":{"line":6,"column":10}},"6":{"start":{"line":7,"column":0},"end":{"line":7,"column":26}},"7":{"start":{"line":8,"column":0},"end":{"line":8,"column":174}},"8":{"start":{"line":9,"column":0},"end":{"line":9,"column":5}},"9":{"start":{"line":10,"column":0},"end":{"line":10,"column":2}}},"s":{"0":1,"2":1,"3":5,"4":5,"5":5,"6":5,"7":5,"8":5,"9":5},"branchMap":{"0":{"type":"branch","line":3,"loc":{"start":{"line":3,"column":39},"end":{"line":10,"column":2}},"locations":[{"start":{"line":3,"column":39},"end":{"line":10,"column":2}}]}},"b":{"0":[5]},"fnMap":{"0":{"name":"mockHttpResponseGetPost","decl":{"start":{"line":3,"column":39},"end":{"line":10,"column":2}},"loc":{"start":{"line":3,"column":39},"end":{"line":10,"column":2}},"line":3}},"f":{"0":5}}
,"E:\\prueba-tecnica-experis\\src\\pages\\createPost\\mocks\\updatePost.ts": {"path":"E:\\prueba-tecnica-experis\\src\\pages\\createPost\\mocks\\updatePost.ts","all":false,"statementMap":{"0":{"start":{"line":1,"column":0},"end":{"line":1,"column":35}},"2":{"start":{"line":3,"column":0},"end":{"line":3,"column":63}},"3":{"start":{"line":4,"column":0},"end":{"line":4,"column":28}},"4":{"start":{"line":5,"column":0},"end":{"line":5,"column":14}},"5":{"start":{"line":6,"column":0},"end":{"line":6,"column":10}},"6":{"start":{"line":7,"column":0},"end":{"line":7,"column":10}},"7":{"start":{"line":8,"column":0},"end":{"line":8,"column":83}},"8":{"start":{"line":9,"column":0},"end":{"line":9,"column":174}},"9":{"start":{"line":10,"column":0},"end":{"line":10,"column":5}},"10":{"start":{"line":11,"column":0},"end":{"line":11,"column":2}}},"s":{"0":1,"2":1,"3":2,"4":2,"5":2,"6":2,"7":2,"8":2,"9":2,"10":2},"branchMap":{"0":{"type":"branch","line":3,"loc":{"start":{"line":3,"column":42},"end":{"line":11,"column":2}},"locations":[{"start":{"line":3,"column":42},"end":{"line":11,"column":2}}]}},"b":{"0":[2]},"fnMap":{"0":{"name":"mockHttpResponseUpdatePost","decl":{"start":{"line":3,"column":42},"end":{"line":11,"column":2}},"loc":{"start":{"line":3,"column":42},"end":{"line":11,"column":2}},"line":3}},"f":{"0":2}}
,"E:\\prueba-tecnica-experis\\src\\pages\\dashboard\\Dashboard.tsx": {"path":"E:\\prueba-tecnica-experis\\src\\pages\\dashboard\\Dashboard.tsx","all":false,"statementMap":{"0":{"start":{"line":1,"column":0},"end":{"line":1,"column":39}},"7":{"start":{"line":8,"column":0},"end":{"line":8,"column":37}},"8":{"start":{"line":9,"column":0},"end":{"line":9,"column":64}},"9":{"start":{"line":10,"column":0},"end":{"line":10,"column":24}},"10":{"start":{"line":11,"column":0},"end":{"line":11,"column":24}},"11":{"start":{"line":12,"column":0},"end":{"line":12,"column":5}},"13":{"start":{"line":14,"column":0},"end":{"line":14,"column":54}},"15":{"start":{"line":16,"column":0},"end":{"line":16,"column":19}},"16":{"start":{"line":17,"column":0},"end":{"line":17,"column":15}},"17":{"start":{"line":18,"column":0},"end":{"line":18,"column":20}},"18":{"start":{"line":19,"column":0},"end":{"line":19,"column":5}},"19":{"start":{"line":20,"column":0},"end":{"line":20,"column":13}},"21":{"start":{"line":22,"column":0},"end":{"line":22,"column":18}},"22":{"start":{"line":23,"column":0},"end":{"line":23,"column":33}},"23":{"start":{"line":24,"column":0},"end":{"line":24,"column":3}},"25":{"start":{"line":26,"column":0},"end":{"line":26,"column":14}},"26":{"start":{"line":27,"column":0},"end":{"line":27,"column":46}},"27":{"start":{"line":28,"column":0},"end":{"line":28,"column":3}},"29":{"start":{"line":30,"column":0},"end":{"line":30,"column":10}},"30":{"start":{"line":31,"column":0},"end":{"line":31,"column":48}},"31":{"start":{"line":32,"column":0},"end":{"line":32,"column":64}},"32":{"start":{"line":33,"column":0},"end":{"line":33,"column":46}},"33":{"start":{"line":34,"column":0},"end":{"line":34,"column":67}},"34":{"start":{"line":35,"column":0},"end":{"line":35,"column":12}},"35":{"start":{"line":36,"column":0},"end":{"line":36,"column":10}},"37":{"start":{"line":38,"column":0},"end":{"line":38,"column":1}}},"s":{"0":1,"7":15,"8":15,"9":15,"10":15,"11":15,"13":15,"15":15,"16":7,"17":5,"18":5,"19":15,"21":15,"22":2,"23":2,"25":15,"26":0,"27":0,"29":12,"30":12,"31":12,"32":12,"33":12,"34":12,"35":12,"37":12},"branchMap":{"0":{"type":"branch","line":8,"loc":{"start":{"line":8,"column":0},"end":{"line":38,"column":1}},"locations":[{"start":{"line":8,"column":0},"end":{"line":38,"column":1}}]},"1":{"type":"branch","line":22,"loc":{"start":{"line":22,"column":17},"end":{"line":26,"column":13}},"locations":[{"start":{"line":22,"column":17},"end":{"line":26,"column":13}}]},"2":{"type":"branch","line":22,"loc":{"start":{"line":22,"column":17},"end":{"line":24,"column":3}},"locations":[{"start":{"line":22,"column":17},"end":{"line":24,"column":3}}]},"3":{"type":"branch","line":24,"loc":{"start":{"line":24,"column":2},"end":{"line":26,"column":13}},"locations":[{"start":{"line":24,"column":2},"end":{"line":26,"column":13}}]},"4":{"type":"branch","line":26,"loc":{"start":{"line":26,"column":13},"end":{"line":28,"column":3}},"locations":[{"start":{"line":26,"column":13},"end":{"line":28,"column":3}}]},"5":{"type":"branch","line":28,"loc":{"start":{"line":28,"column":2},"end":{"line":38,"column":1}},"locations":[{"start":{"line":28,"column":2},"end":{"line":38,"column":1}}]},"6":{"type":"branch","line":16,"loc":{"start":{"line":16,"column":12},"end":{"line":20,"column":5}},"locations":[{"start":{"line":16,"column":12},"end":{"line":20,"column":5}}]},"7":{"type":"branch","line":17,"loc":{"start":{"line":17,"column":14},"end":{"line":19,"column":5}},"locations":[{"start":{"line":17,"column":14},"end":{"line":19,"column":5}}]}},"b":{"0":[15],"1":[14],"2":[2],"3":[12],"4":[0],"5":[12],"6":[7],"7":[5]},"fnMap":{"0":{"name":"Dashboard","decl":{"start":{"line":8,"column":0},"end":{"line":38,"column":1}},"loc":{"start":{"line":8,"column":0},"end":{"line":38,"column":1}},"line":8}},"f":{"0":15}}
,"E:\\prueba-tecnica-experis\\src\\pages\\dashboard\\dashboard.test.tsx": {"path":"E:\\prueba-tecnica-experis\\src\\pages\\dashboard\\dashboard.test.tsx","all":false,"statementMap":{"0":{"start":{"line":1,"column":0},"end":{"line":1,"column":63}},"1":{"start":{"line":2,"column":0},"end":{"line":2,"column":59}},"2":{"start":{"line":3,"column":0},"end":{"line":3,"column":46}},"3":{"start":{"line":4,"column":0},"end":{"line":4,"column":36}},"4":{"start":{"line":5,"column":0},"end":{"line":5,"column":76}},"5":{"start":{"line":6,"column":0},"end":{"line":6,"column":50}},"7":{"start":{"line":8,"column":0},"end":{"line":8,"column":40}},"8":{"start":{"line":9,"column":0},"end":{"line":9,"column":40}},"10":{"start":{"line":11,"column":0},"end":{"line":11,"column":44}},"11":{"start":{"line":12,"column":0},"end":{"line":12,"column":18}},"12":{"start":{"line":13,"column":0},"end":{"line":13,"column":48}},"13":{"start":{"line":14,"column":0},"end":{"line":14,"column":47}},"14":{"start":{"line":15,"column":0},"end":{"line":15,"column":18}},"15":{"start":{"line":16,"column":0},"end":{"line":16,"column":54}},"16":{"start":{"line":17,"column":0},"end":{"line":17,"column":19}},"17":{"start":{"line":18,"column":0},"end":{"line":18,"column":23}},"18":{"start":{"line":19,"column":0},"end":{"line":19,"column":28}},"19":{"start":{"line":20,"column":0},"end":{"line":20,"column":6}},"20":{"start":{"line":21,"column":0},"end":{"line":21,"column":4}},"22":{"start":{"line":23,"column":0},"end":{"line":23,"column":40}},"23":{"start":{"line":24,"column":0},"end":{"line":24,"column":22}},"25":{"start":{"line":26,"column":0},"end":{"line":26,"column":35}},"27":{"start":{"line":28,"column":0},"end":{"line":28,"column":25}},"28":{"start":{"line":29,"column":0},"end":{"line":29,"column":60}},"29":{"start":{"line":30,"column":0},"end":{"line":30,"column":65}},"30":{"start":{"line":31,"column":0},"end":{"line":31,"column":13}},"31":{"start":{"line":32,"column":0},"end":{"line":32,"column":25}},"32":{"start":{"line":33,"column":0},"end":{"line":33,"column":87}},"33":{"start":{"line":34,"column":0},"end":{"line":34,"column":9}},"34":{"start":{"line":35,"column":0},"end":{"line":35,"column":28}},"35":{"start":{"line":36,"column":0},"end":{"line":36,"column":63}},"36":{"start":{"line":37,"column":0},"end":{"line":37,"column":7}},"37":{"start":{"line":38,"column":0},"end":{"line":38,"column":5}},"39":{"start":{"line":40,"column":0},"end":{"line":40,"column":66}},"40":{"start":{"line":41,"column":0},"end":{"line":41,"column":11}},"41":{"start":{"line":42,"column":0},"end":{"line":42,"column":48}},"42":{"start":{"line":43,"column":0},"end":{"line":43,"column":45}},"43":{"start":{"line":44,"column":0},"end":{"line":44,"column":18}},"44":{"start":{"line":45,"column":0},"end":{"line":45,"column":54}},"45":{"start":{"line":46,"column":0},"end":{"line":46,"column":68}},"46":{"start":{"line":47,"column":0},"end":{"line":47,"column":19}},"47":{"start":{"line":48,"column":0},"end":{"line":48,"column":23}},"48":{"start":{"line":49,"column":0},"end":{"line":49,"column":28}},"49":{"start":{"line":50,"column":0},"end":{"line":50,"column":6}},"51":{"start":{"line":52,"column":0},"end":{"line":52,"column":25}},"52":{"start":{"line":53,"column":0},"end":{"line":53,"column":65}},"53":{"start":{"line":54,"column":0},"end":{"line":54,"column":13}},"54":{"start":{"line":55,"column":0},"end":{"line":55,"column":25}},"55":{"start":{"line":56,"column":0},"end":{"line":56,"column":87}},"56":{"start":{"line":57,"column":0},"end":{"line":57,"column":9}},"57":{"start":{"line":58,"column":0},"end":{"line":58,"column":28}},"58":{"start":{"line":59,"column":0},"end":{"line":59,"column":63}},"59":{"start":{"line":60,"column":0},"end":{"line":60,"column":7}},"61":{"start":{"line":62,"column":0},"end":{"line":62,"column":25}},"62":{"start":{"line":63,"column":0},"end":{"line":63,"column":66}},"63":{"start":{"line":64,"column":0},"end":{"line":64,"column":62}},"64":{"start":{"line":65,"column":0},"end":{"line":65,"column":34}},"65":{"start":{"line":66,"column":0},"end":{"line":66,"column":7}},"67":{"start":{"line":68,"column":0},"end":{"line":68,"column":25}},"68":{"start":{"line":69,"column":0},"end":{"line":69,"column":65}},"69":{"start":{"line":70,"column":0},"end":{"line":70,"column":7}},"70":{"start":{"line":71,"column":0},"end":{"line":71,"column":5}},"72":{"start":{"line":73,"column":0},"end":{"line":73,"column":60}},"73":{"start":{"line":74,"column":0},"end":{"line":74,"column":22}},"75":{"start":{"line":76,"column":0},"end":{"line":76,"column":25}},"76":{"start":{"line":77,"column":0},"end":{"line":77,"column":65}},"77":{"start":{"line":78,"column":0},"end":{"line":78,"column":13}},"78":{"start":{"line":79,"column":0},"end":{"line":79,"column":25}},"79":{"start":{"line":80,"column":0},"end":{"line":80,"column":87}},"80":{"start":{"line":81,"column":0},"end":{"line":81,"column":9}},"81":{"start":{"line":82,"column":0},"end":{"line":82,"column":28}},"82":{"start":{"line":83,"column":0},"end":{"line":83,"column":63}},"83":{"start":{"line":84,"column":0},"end":{"line":84,"column":7}},"85":{"start":{"line":86,"column":0},"end":{"line":86,"column":25}},"86":{"start":{"line":87,"column":0},"end":{"line":87,"column":66}},"87":{"start":{"line":88,"column":0},"end":{"line":88,"column":66}},"88":{"start":{"line":89,"column":0},"end":{"line":89,"column":36}},"89":{"start":{"line":90,"column":0},"end":{"line":90,"column":7}},"91":{"start":{"line":92,"column":0},"end":{"line":92,"column":25}},"92":{"start":{"line":93,"column":0},"end":{"line":93,"column":59}},"93":{"start":{"line":94,"column":0},"end":{"line":94,"column":7}},"95":{"start":{"line":96,"column":0},"end":{"line":96,"column":64}},"97":{"start":{"line":98,"column":0},"end":{"line":98,"column":28}},"99":{"start":{"line":100,"column":0},"end":{"line":100,"column":25}},"100":{"start":{"line":101,"column":0},"end":{"line":101,"column":76}},"101":{"start":{"line":102,"column":0},"end":{"line":102,"column":7}},"102":{"start":{"line":103,"column":0},"end":{"line":103,"column":5}},"104":{"start":{"line":105,"column":0},"end":{"line":105,"column":60}},"105":{"start":{"line":106,"column":0},"end":{"line":106,"column":22}},"107":{"start":{"line":108,"column":0},"end":{"line":108,"column":25}},"108":{"start":{"line":109,"column":0},"end":{"line":109,"column":65}},"109":{"start":{"line":110,"column":0},"end":{"line":110,"column":13}},"110":{"start":{"line":111,"column":0},"end":{"line":111,"column":25}},"111":{"start":{"line":112,"column":0},"end":{"line":112,"column":87}},"112":{"start":{"line":113,"column":0},"end":{"line":113,"column":9}},"113":{"start":{"line":114,"column":0},"end":{"line":114,"column":28}},"114":{"start":{"line":115,"column":0},"end":{"line":115,"column":63}},"115":{"start":{"line":116,"column":0},"end":{"line":116,"column":7}},"117":{"start":{"line":118,"column":0},"end":{"line":118,"column":25}},"118":{"start":{"line":119,"column":0},"end":{"line":119,"column":66}},"119":{"start":{"line":120,"column":0},"end":{"line":120,"column":66}},"120":{"start":{"line":121,"column":0},"end":{"line":121,"column":36}},"121":{"start":{"line":122,"column":0},"end":{"line":122,"column":7}},"123":{"start":{"line":124,"column":0},"end":{"line":124,"column":25}},"124":{"start":{"line":125,"column":0},"end":{"line":125,"column":59}},"125":{"start":{"line":126,"column":0},"end":{"line":126,"column":7}},"127":{"start":{"line":128,"column":0},"end":{"line":128,"column":63}},"129":{"start":{"line":130,"column":0},"end":{"line":130,"column":28}},"131":{"start":{"line":132,"column":0},"end":{"line":132,"column":25}},"132":{"start":{"line":133,"column":0},"end":{"line":133,"column":72}},"133":{"start":{"line":134,"column":0},"end":{"line":134,"column":7}},"134":{"start":{"line":135,"column":0},"end":{"line":135,"column":5}},"135":{"start":{"line":136,"column":0},"end":{"line":136,"column":3}}},"s":{"0":1,"1":1,"2":1,"3":1,"4":1,"5":1,"7":1,"8":1,"10":1,"11":3,"12":3,"13":3,"14":3,"15":3,"16":3,"17":3,"18":3,"19":3,"20":3,"22":1,"23":1,"25":1,"27":1,"28":5,"29":5,"30":5,"31":5,"32":5,"33":5,"34":5,"35":5,"36":1,"37":1,"39":1,"40":1,"41":1,"42":1,"43":1,"44":1,"45":1,"46":1,"47":1,"48":1,"49":1,"51":1,"52":1,"53":1,"54":1,"55":1,"56":1,"57":1,"58":1,"59":1,"61":1,"62":1,"63":1,"64":1,"65":1,"67":1,"68":1,"69":1,"70":1,"72":1,"73":1,"75":1,"76":1,"77":1,"78":1,"79":1,"80":1,"81":1,"82":1,"83":1,"85":1,"86":1,"87":1,"88":1,"89":1,"91":1,"92":1,"93":1,"95":1,"97":1,"99":1,"100":2,"101":1,"102":1,"104":1,"105":1,"107":1,"108":1,"109":1,"110":1,"111":1,"112":1,"113":1,"114":1,"115":1,"117":1,"118":1,"119":1,"120":1,"121":1,"123":1,"124":1,"125":1,"127":1,"129":1,"131":1,"132":1,"133":1,"134":1,"135":1},"branchMap":{"0":{"type":"branch","line":8,"loc":{"start":{"line":8,"column":33},"end":{"line":136,"column":3}},"locations":[{"start":{"line":8,"column":33},"end":{"line":136,"column":3}}]},"1":{"type":"branch","line":11,"loc":{"start":{"line":11,"column":26},"end":{"line":21,"column":4}},"locations":[{"start":{"line":11,"column":26},"end":{"line":21,"column":4}}]},"2":{"type":"branch","line":23,"loc":{"start":{"line":23,"column":27},"end":{"line":38,"column":3}},"locations":[{"start":{"line":23,"column":27},"end":{"line":38,"column":3}}]},"3":{"type":"branch","line":28,"loc":{"start":{"line":28,"column":18},"end":{"line":37,"column":5}},"locations":[{"start":{"line":28,"column":18},"end":{"line":37,"column":5}}]},"4":{"type":"branch","line":40,"loc":{"start":{"line":40,"column":53},"end":{"line":71,"column":3}},"locations":[{"start":{"line":40,"column":53},"end":{"line":71,"column":3}}]},"5":{"type":"branch","line":52,"loc":{"start":{"line":52,"column":18},"end":{"line":60,"column":5}},"locations":[{"start":{"line":52,"column":18},"end":{"line":60,"column":5}}]},"6":{"type":"branch","line":62,"loc":{"start":{"line":62,"column":18},"end":{"line":66,"column":5}},"locations":[{"start":{"line":62,"column":18},"end":{"line":66,"column":5}}]},"7":{"type":"branch","line":68,"loc":{"start":{"line":68,"column":18},"end":{"line":70,"column":5}},"locations":[{"start":{"line":68,"column":18},"end":{"line":70,"column":5}}]},"8":{"type":"branch","line":73,"loc":{"start":{"line":73,"column":47},"end":{"line":103,"column":3}},"locations":[{"start":{"line":73,"column":47},"end":{"line":103,"column":3}}]},"9":{"type":"branch","line":76,"loc":{"start":{"line":76,"column":18},"end":{"line":84,"column":5}},"locations":[{"start":{"line":76,"column":18},"end":{"line":84,"column":5}}]},"10":{"type":"branch","line":86,"loc":{"start":{"line":86,"column":18},"end":{"line":90,"column":5}},"locations":[{"start":{"line":86,"column":18},"end":{"line":90,"column":5}}]},"11":{"type":"branch","line":92,"loc":{"start":{"line":92,"column":18},"end":{"line":94,"column":5}},"locations":[{"start":{"line":92,"column":18},"end":{"line":94,"column":5}}]},"12":{"type":"branch","line":100,"loc":{"start":{"line":100,"column":18},"end":{"line":102,"column":5}},"locations":[{"start":{"line":100,"column":18},"end":{"line":102,"column":5}}]},"13":{"type":"branch","line":105,"loc":{"start":{"line":105,"column":47},"end":{"line":135,"column":3}},"locations":[{"start":{"line":105,"column":47},"end":{"line":135,"column":3}}]},"14":{"type":"branch","line":108,"loc":{"start":{"line":108,"column":18},"end":{"line":116,"column":5}},"locations":[{"start":{"line":108,"column":18},"end":{"line":116,"column":5}}]},"15":{"type":"branch","line":118,"loc":{"start":{"line":118,"column":18},"end":{"line":122,"column":5}},"locations":[{"start":{"line":118,"column":18},"end":{"line":122,"column":5}}]},"16":{"type":"branch","line":124,"loc":{"start":{"line":124,"column":18},"end":{"line":126,"column":5}},"locations":[{"start":{"line":124,"column":18},"end":{"line":126,"column":5}}]},"17":{"type":"branch","line":132,"loc":{"start":{"line":132,"column":18},"end":{"line":134,"column":5}},"locations":[{"start":{"line":132,"column":18},"end":{"line":134,"column":5}}]}},"b":{"0":[1],"1":[3],"2":[1],"3":[5],"4":[1],"5":[1],"6":[1],"7":[1],"8":[1],"9":[1],"10":[1],"11":[1],"12":[2],"13":[1],"14":[1],"15":[1],"16":[1],"17":[1]},"fnMap":{"0":{"name":"renderComponent","decl":{"start":{"line":11,"column":26},"end":{"line":21,"column":4}},"loc":{"start":{"line":11,"column":26},"end":{"line":21,"column":4}},"line":11}},"f":{"0":3}}
,"E:\\prueba-tecnica-experis\\src\\pages\\dashboard\\components\\actions.tsx": {"path":"E:\\prueba-tecnica-experis\\src\\pages\\dashboard\\components\\actions.tsx","all":false,"statementMap":{"0":{"start":{"line":1,"column":0},"end":{"line":1,"column":36}},"11":{"start":{"line":12,"column":0},"end":{"line":12,"column":57}},"12":{"start":{"line":13,"column":0},"end":{"line":13,"column":66}},"13":{"start":{"line":14,"column":0},"end":{"line":14,"column":30}},"14":{"start":{"line":15,"column":0},"end":{"line":15,"column":36}},"15":{"start":{"line":16,"column":0},"end":{"line":16,"column":6}},"16":{"start":{"line":17,"column":0},"end":{"line":17,"column":5}},"18":{"start":{"line":19,"column":0},"end":{"line":19,"column":55}},"19":{"start":{"line":20,"column":0},"end":{"line":20,"column":34}},"20":{"start":{"line":21,"column":0},"end":{"line":21,"column":44}},"21":{"start":{"line":22,"column":0},"end":{"line":22,"column":4}},"23":{"start":{"line":24,"column":0},"end":{"line":24,"column":53}},"24":{"start":{"line":25,"column":0},"end":{"line":25,"column":37}},"25":{"start":{"line":26,"column":0},"end":{"line":26,"column":4}},"27":{"start":{"line":28,"column":0},"end":{"line":28,"column":10}},"28":{"start":{"line":29,"column":0},"end":{"line":29,"column":41}},"29":{"start":{"line":30,"column":0},"end":{"line":30,"column":34}},"30":{"start":{"line":31,"column":0},"end":{"line":31,"column":13}},"31":{"start":{"line":32,"column":0},"end":{"line":32,"column":84}},"32":{"start":{"line":33,"column":0},"end":{"line":33,"column":34}},"33":{"start":{"line":34,"column":0},"end":{"line":34,"column":33}},"35":{"start":{"line":36,"column":0},"end":{"line":36,"column":50}},"36":{"start":{"line":37,"column":0},"end":{"line":37,"column":15}},"38":{"start":{"line":39,"column":0},"end":{"line":39,"column":19}},"39":{"start":{"line":40,"column":0},"end":{"line":40,"column":29}},"40":{"start":{"line":41,"column":0},"end":{"line":41,"column":53}},"41":{"start":{"line":42,"column":0},"end":{"line":42,"column":29}},"42":{"start":{"line":43,"column":0},"end":{"line":43,"column":27}},"43":{"start":{"line":44,"column":0},"end":{"line":44,"column":22}},"44":{"start":{"line":45,"column":0},"end":{"line":45,"column":25}},"45":{"start":{"line":46,"column":0},"end":{"line":46,"column":25}},"47":{"start":{"line":48,"column":0},"end":{"line":48,"column":14}},"48":{"start":{"line":49,"column":0},"end":{"line":49,"column":99}},"49":{"start":{"line":50,"column":0},"end":{"line":50,"column":37}},"51":{"start":{"line":52,"column":0},"end":{"line":52,"column":50}},"52":{"start":{"line":53,"column":0},"end":{"line":53,"column":16}},"53":{"start":{"line":54,"column":0},"end":{"line":54,"column":21}},"54":{"start":{"line":55,"column":0},"end":{"line":55,"column":12}},"55":{"start":{"line":56,"column":0},"end":{"line":56,"column":10}},"57":{"start":{"line":58,"column":0},"end":{"line":58,"column":1}}},"s":{"0":1,"11":72,"12":72,"13":72,"14":1,"15":1,"16":72,"18":72,"19":1,"20":1,"21":1,"23":72,"24":1,"25":1,"27":72,"28":72,"29":72,"30":72,"31":72,"32":72,"33":72,"35":72,"36":72,"38":72,"39":72,"40":72,"41":72,"42":72,"43":72,"44":72,"45":72,"47":72,"48":72,"49":72,"51":72,"52":72,"53":72,"54":72,"55":72,"57":72},"branchMap":{"0":{"type":"branch","line":12,"loc":{"start":{"line":12,"column":0},"end":{"line":58,"column":1}},"locations":[{"start":{"line":12,"column":0},"end":{"line":58,"column":1}}]},"1":{"type":"branch","line":14,"loc":{"start":{"line":14,"column":16},"end":{"line":16,"column":6}},"locations":[{"start":{"line":14,"column":16},"end":{"line":16,"column":6}}]},"2":{"type":"branch","line":19,"loc":{"start":{"line":19,"column":48},"end":{"line":22,"column":4}},"locations":[{"start":{"line":19,"column":48},"end":{"line":22,"column":4}}]},"3":{"type":"branch","line":24,"loc":{"start":{"line":24,"column":46},"end":{"line":26,"column":4}},"locations":[{"start":{"line":24,"column":46},"end":{"line":26,"column":4}}]}},"b":{"0":[72],"1":[1],"2":[1],"3":[1]},"fnMap":{"0":{"name":"Actions","decl":{"start":{"line":12,"column":0},"end":{"line":58,"column":1}},"loc":{"start":{"line":12,"column":0},"end":{"line":58,"column":1}},"line":12},"1":{"name":"mutationFn","decl":{"start":{"line":14,"column":16},"end":{"line":16,"column":6}},"loc":{"start":{"line":14,"column":16},"end":{"line":16,"column":6}},"line":14},"2":{"name":"confirm","decl":{"start":{"line":19,"column":48},"end":{"line":22,"column":4}},"loc":{"start":{"line":19,"column":48},"end":{"line":22,"column":4}},"line":19},"3":{"name":"cancel","decl":{"start":{"line":24,"column":46},"end":{"line":26,"column":4}},"loc":{"start":{"line":24,"column":46},"end":{"line":26,"column":4}},"line":24}},"f":{"0":72,"1":1,"2":1,"3":1}}
,"E:\\prueba-tecnica-experis\\src\\pages\\dashboard\\constans\\index.tsx": {"path":"E:\\prueba-tecnica-experis\\src\\pages\\dashboard\\constans\\index.tsx","all":false,"statementMap":{"0":{"start":{"line":1,"column":0},"end":{"line":1,"column":51}},"3":{"start":{"line":4,"column":0},"end":{"line":4,"column":29}},"4":{"start":{"line":5,"column":0},"end":{"line":5,"column":3}},"5":{"start":{"line":6,"column":0},"end":{"line":6,"column":16}},"6":{"start":{"line":7,"column":0},"end":{"line":7,"column":20}},"7":{"start":{"line":8,"column":0},"end":{"line":8,"column":14}},"8":{"start":{"line":9,"column":0},"end":{"line":9,"column":4}},"9":{"start":{"line":10,"column":0},"end":{"line":10,"column":3}},"10":{"start":{"line":11,"column":0},"end":{"line":11,"column":20}},"11":{"start":{"line":12,"column":0},"end":{"line":12,"column":24}},"12":{"start":{"line":13,"column":0},"end":{"line":13,"column":18}},"13":{"start":{"line":14,"column":0},"end":{"line":14,"column":4}},"15":{"start":{"line":16,"column":0},"end":{"line":16,"column":3}},"16":{"start":{"line":17,"column":0},"end":{"line":17,"column":19}},"17":{"start":{"line":18,"column":0},"end":{"line":18,"column":23}},"18":{"start":{"line":19,"column":0},"end":{"line":19,"column":17}},"19":{"start":{"line":20,"column":0},"end":{"line":20,"column":4}},"20":{"start":{"line":21,"column":0},"end":{"line":21,"column":3}},"21":{"start":{"line":22,"column":0},"end":{"line":22,"column":18}},"22":{"start":{"line":23,"column":0},"end":{"line":23,"column":22}},"23":{"start":{"line":24,"column":0},"end":{"line":24,"column":16}},"24":{"start":{"line":25,"column":0},"end":{"line":25,"column":4}},"25":{"start":{"line":26,"column":0},"end":{"line":26,"column":3}},"26":{"start":{"line":27,"column":0},"end":{"line":27,"column":21}},"27":{"start":{"line":28,"column":0},"end":{"line":28,"column":18}},"28":{"start":{"line":29,"column":0},"end":{"line":29,"column":31}},"29":{"start":{"line":30,"column":0},"end":{"line":30,"column":49}},"30":{"start":{"line":31,"column":0},"end":{"line":31,"column":6}},"31":{"start":{"line":32,"column":0},"end":{"line":32,"column":4}},"32":{"start":{"line":33,"column":0},"end":{"line":33,"column":2}}},"s":{"0":1,"3":1,"4":1,"5":1,"6":1,"7":1,"8":1,"9":1,"10":1,"11":1,"12":1,"13":1,"15":1,"16":1,"17":1,"18":1,"19":1,"20":1,"21":1,"22":1,"23":1,"24":1,"25":1,"26":1,"27":1,"28":1,"29":70,"30":70,"31":1,"32":1},"branchMap":{"0":{"type":"branch","line":29,"loc":{"start":{"line":29,"column":12},"end":{"line":31,"column":6}},"locations":[{"start":{"line":29,"column":12},"end":{"line":31,"column":6}}]}},"b":{"0":[70]},"fnMap":{"0":{"name":"render","decl":{"start":{"line":29,"column":12},"end":{"line":31,"column":6}},"loc":{"start":{"line":29,"column":12},"end":{"line":31,"column":6}},"line":29}},"f":{"0":70}}
,"E:\\prueba-tecnica-experis\\src\\pages\\dashboard\\mocks\\deletePost.ts": {"path":"E:\\prueba-tecnica-experis\\src\\pages\\dashboard\\mocks\\deletePost.ts","all":false,"statementMap":{"0":{"start":{"line":1,"column":0},"end":{"line":1,"column":35}},"2":{"start":{"line":3,"column":0},"end":{"line":3,"column":63}},"3":{"start":{"line":4,"column":0},"end":{"line":4,"column":31}},"4":{"start":{"line":5,"column":0},"end":{"line":5,"column":2}}},"s":{"0":1,"2":1,"3":1,"4":1},"branchMap":{"0":{"type":"branch","line":3,"loc":{"start":{"line":3,"column":42},"end":{"line":5,"column":2}},"locations":[{"start":{"line":3,"column":42},"end":{"line":5,"column":2}}]}},"b":{"0":[1]},"fnMap":{"0":{"name":"mockHttpResponseDeletePost","decl":{"start":{"line":3,"column":42},"end":{"line":5,"column":2}},"loc":{"start":{"line":3,"column":42},"end":{"line":5,"column":2}},"line":3}},"f":{"0":1}}
,"E:\\prueba-tecnica-experis\\src\\pages\\dashboard\\mocks\\getPosts.ts": {"path":"E:\\prueba-tecnica-experis\\src\\pages\\dashboard\\mocks\\getPosts.ts","all":false,"statementMap":{"0":{"start":{"line":1,"column":0},"end":{"line":1,"column":35}},"2":{"start":{"line":3,"column":0},"end":{"line":3,"column":70}},"3":{"start":{"line":4,"column":0},"end":{"line":4,"column":28}},"4":{"start":{"line":5,"column":0},"end":{"line":5,"column":5}},"5":{"start":{"line":6,"column":0},"end":{"line":6,"column":16}},"6":{"start":{"line":7,"column":0},"end":{"line":7,"column":12}},"7":{"start":{"line":8,"column":0},"end":{"line":8,"column":12}},"8":{"start":{"line":9,"column":0},"end":{"line":9,"column":85}},"9":{"start":{"line":10,"column":0},"end":{"line":10,"column":176}},"10":{"start":{"line":11,"column":0},"end":{"line":11,"column":6}},"11":{"start":{"line":12,"column":0},"end":{"line":12,"column":5}},"12":{"start":{"line":13,"column":0},"end":{"line":13,"column":16}},"13":{"start":{"line":14,"column":0},"end":{"line":14,"column":12}},"14":{"start":{"line":15,"column":0},"end":{"line":15,"column":28}},"15":{"start":{"line":16,"column":0},"end":{"line":16,"column":224}},"16":{"start":{"line":17,"column":0},"end":{"line":17,"column":6}},"17":{"start":{"line":18,"column":0},"end":{"line":18,"column":5}},"18":{"start":{"line":19,"column":0},"end":{"line":19,"column":16}},"19":{"start":{"line":20,"column":0},"end":{"line":20,"column":12}},"20":{"start":{"line":21,"column":0},"end":{"line":21,"column":75}},"21":{"start":{"line":22,"column":0},"end":{"line":22,"column":182}},"22":{"start":{"line":23,"column":0},"end":{"line":23,"column":6}},"23":{"start":{"line":24,"column":0},"end":{"line":24,"column":5}},"24":{"start":{"line":25,"column":0},"end":{"line":25,"column":16}},"25":{"start":{"line":26,"column":0},"end":{"line":26,"column":12}},"26":{"start":{"line":27,"column":0},"end":{"line":27,"column":36}},"27":{"start":{"line":28,"column":0},"end":{"line":28,"column":208}},"28":{"start":{"line":29,"column":0},"end":{"line":29,"column":6}},"29":{"start":{"line":30,"column":0},"end":{"line":30,"column":5}},"30":{"start":{"line":31,"column":0},"end":{"line":31,"column":16}},"31":{"start":{"line":32,"column":0},"end":{"line":32,"column":12}},"32":{"start":{"line":33,"column":0},"end":{"line":33,"column":34}},"33":{"start":{"line":34,"column":0},"end":{"line":34,"column":165}},"34":{"start":{"line":35,"column":0},"end":{"line":35,"column":6}},"35":{"start":{"line":36,"column":0},"end":{"line":36,"column":5}},"36":{"start":{"line":37,"column":0},"end":{"line":37,"column":16}},"37":{"start":{"line":38,"column":0},"end":{"line":38,"column":12}},"38":{"start":{"line":39,"column":0},"end":{"line":39,"column":50}},"39":{"start":{"line":40,"column":0},"end":{"line":40,"column":212}},"40":{"start":{"line":41,"column":0},"end":{"line":41,"column":6}},"41":{"start":{"line":42,"column":0},"end":{"line":42,"column":5}},"42":{"start":{"line":43,"column":0},"end":{"line":43,"column":16}},"43":{"start":{"line":44,"column":0},"end":{"line":44,"column":12}},"44":{"start":{"line":45,"column":0},"end":{"line":45,"column":36}},"45":{"start":{"line":46,"column":0},"end":{"line":46,"column":163}},"46":{"start":{"line":47,"column":0},"end":{"line":47,"column":6}},"47":{"start":{"line":48,"column":0},"end":{"line":48,"column":5}},"48":{"start":{"line":49,"column":0},"end":{"line":49,"column":16}},"49":{"start":{"line":50,"column":0},"end":{"line":50,"column":12}},"50":{"start":{"line":51,"column":0},"end":{"line":51,"column":40}},"51":{"start":{"line":52,"column":0},"end":{"line":52,"column":194}},"52":{"start":{"line":53,"column":0},"end":{"line":53,"column":6}},"53":{"start":{"line":54,"column":0},"end":{"line":54,"column":5}},"54":{"start":{"line":55,"column":0},"end":{"line":55,"column":16}},"55":{"start":{"line":56,"column":0},"end":{"line":56,"column":12}},"56":{"start":{"line":57,"column":0},"end":{"line":57,"column":66}},"57":{"start":{"line":58,"column":0},"end":{"line":58,"column":154}},"58":{"start":{"line":59,"column":0},"end":{"line":59,"column":6}},"59":{"start":{"line":60,"column":0},"end":{"line":60,"column":5}},"60":{"start":{"line":61,"column":0},"end":{"line":61,"column":16}},"61":{"start":{"line":62,"column":0},"end":{"line":62,"column":13}},"62":{"start":{"line":63,"column":0},"end":{"line":63,"column":43}},"63":{"start":{"line":64,"column":0},"end":{"line":64,"column":147}},"64":{"start":{"line":65,"column":0},"end":{"line":65,"column":6}},"65":{"start":{"line":66,"column":0},"end":{"line":66,"column":5}},"66":{"start":{"line":67,"column":0},"end":{"line":67,"column":16}},"67":{"start":{"line":68,"column":0},"end":{"line":68,"column":13}},"68":{"start":{"line":69,"column":0},"end":{"line":69,"column":48}},"69":{"start":{"line":70,"column":0},"end":{"line":70,"column":187}},"70":{"start":{"line":71,"column":0},"end":{"line":71,"column":6}},"71":{"start":{"line":72,"column":0},"end":{"line":72,"column":5}},"72":{"start":{"line":73,"column":0},"end":{"line":73,"column":16}},"73":{"start":{"line":74,"column":0},"end":{"line":74,"column":13}},"74":{"start":{"line":75,"column":0},"end":{"line":75,"column":53}},"75":{"start":{"line":76,"column":0},"end":{"line":76,"column":170}},"76":{"start":{"line":77,"column":0},"end":{"line":77,"column":6}},"77":{"start":{"line":78,"column":0},"end":{"line":78,"column":5}},"78":{"start":{"line":79,"column":0},"end":{"line":79,"column":16}},"79":{"start":{"line":80,"column":0},"end":{"line":80,"column":13}},"80":{"start":{"line":81,"column":0},"end":{"line":81,"column":66}},"81":{"start":{"line":82,"column":0},"end":{"line":82,"column":243}},"82":{"start":{"line":83,"column":0},"end":{"line":83,"column":6}},"83":{"start":{"line":84,"column":0},"end":{"line":84,"column":5}},"84":{"start":{"line":85,"column":0},"end":{"line":85,"column":16}},"85":{"start":{"line":86,"column":0},"end":{"line":86,"column":13}},"86":{"start":{"line":87,"column":0},"end":{"line":87,"column":41}},"87":{"start":{"line":88,"column":0},"end":{"line":88,"column":162}},"88":{"start":{"line":89,"column":0},"end":{"line":89,"column":6}},"89":{"start":{"line":90,"column":0},"end":{"line":90,"column":5}},"90":{"start":{"line":91,"column":0},"end":{"line":91,"column":16}},"91":{"start":{"line":92,"column":0},"end":{"line":92,"column":13}},"92":{"start":{"line":93,"column":0},"end":{"line":93,"column":39}},"93":{"start":{"line":94,"column":0},"end":{"line":94,"column":169}},"94":{"start":{"line":95,"column":0},"end":{"line":95,"column":6}},"95":{"start":{"line":96,"column":0},"end":{"line":96,"column":5}},"96":{"start":{"line":97,"column":0},"end":{"line":97,"column":16}},"97":{"start":{"line":98,"column":0},"end":{"line":98,"column":13}},"98":{"start":{"line":99,"column":0},"end":{"line":99,"column":12}},"99":{"start":{"line":100,"column":0},"end":{"line":100,"column":78}},"100":{"start":{"line":101,"column":0},"end":{"line":101,"column":203}},"101":{"start":{"line":102,"column":0},"end":{"line":102,"column":6}},"102":{"start":{"line":103,"column":0},"end":{"line":103,"column":5}},"103":{"start":{"line":104,"column":0},"end":{"line":104,"column":16}},"104":{"start":{"line":105,"column":0},"end":{"line":105,"column":13}},"105":{"start":{"line":106,"column":0},"end":{"line":106,"column":65}},"106":{"start":{"line":107,"column":0},"end":{"line":107,"column":154}},"107":{"start":{"line":108,"column":0},"end":{"line":108,"column":6}},"108":{"start":{"line":109,"column":0},"end":{"line":109,"column":5}},"109":{"start":{"line":110,"column":0},"end":{"line":110,"column":16}},"110":{"start":{"line":111,"column":0},"end":{"line":111,"column":13}},"111":{"start":{"line":112,"column":0},"end":{"line":112,"column":58}},"112":{"start":{"line":113,"column":0},"end":{"line":113,"column":129}},"113":{"start":{"line":114,"column":0},"end":{"line":114,"column":6}},"114":{"start":{"line":115,"column":0},"end":{"line":115,"column":5}},"115":{"start":{"line":116,"column":0},"end":{"line":116,"column":16}},"116":{"start":{"line":117,"column":0},"end":{"line":117,"column":13}},"117":{"start":{"line":118,"column":0},"end":{"line":118,"column":57}},"118":{"start":{"line":119,"column":0},"end":{"line":119,"column":161}},"119":{"start":{"line":120,"column":0},"end":{"line":120,"column":6}},"120":{"start":{"line":121,"column":0},"end":{"line":121,"column":5}},"121":{"start":{"line":122,"column":0},"end":{"line":122,"column":16}},"122":{"start":{"line":123,"column":0},"end":{"line":123,"column":13}},"123":{"start":{"line":124,"column":0},"end":{"line":124,"column":50}},"124":{"start":{"line":125,"column":0},"end":{"line":125,"column":231}},"125":{"start":{"line":126,"column":0},"end":{"line":126,"column":6}},"126":{"start":{"line":127,"column":0},"end":{"line":127,"column":5}},"127":{"start":{"line":128,"column":0},"end":{"line":128,"column":2}}},"s":{"0":1,"2":1,"3":6,"4":6,"5":6,"6":6,"7":6,"8":6,"9":6,"10":6,"11":6,"12":6,"13":6,"14":6,"15":6,"16":6,"17":6,"18":6,"19":6,"20":6,"21":6,"22":6,"23":6,"24":6,"25":6,"26":6,"27":6,"28":6,"29":6,"30":6,"31":6,"32":6,"33":6,"34":6,"35":6,"36":6,"37":6,"38":6,"39":6,"40":6,"41":6,"42":6,"43":6,"44":6,"45":6,"46":6,"47":6,"48":6,"49":6,"50":6,"51":6,"52":6,"53":6,"54":6,"55":6,"56":6,"57":6,"58":6,"59":6,"60":6,"61":6,"62":6,"63":6,"64":6,"65":6,"66":6,"67":6,"68":6,"69":6,"70":6,"71":6,"72":6,"73":6,"74":6,"75":6,"76":6,"77":6,"78":6,"79":6,"80":6,"81":6,"82":6,"83":6,"84":6,"85":6,"86":6,"87":6,"88":6,"89":6,"90":6,"91":6,"92":6,"93":6,"94":6,"95":6,"96":6,"97":6,"98":6,"99":6,"100":6,"101":6,"102":6,"103":6,"104":6,"105":6,"106":6,"107":6,"108":6,"109":6,"110":6,"111":6,"112":6,"113":6,"114":6,"115":6,"116":6,"117":6,"118":6,"119":6,"120":6,"121":6,"122":6,"123":6,"124":6,"125":6,"126":6,"127":6},"branchMap":{"0":{"type":"branch","line":3,"loc":{"start":{"line":3,"column":49},"end":{"line":128,"column":2}},"locations":[{"start":{"line":3,"column":49},"end":{"line":128,"column":2}}]}},"b":{"0":[6]},"fnMap":{"0":{"name":"mockHttpResponseGetPostsDashboard","decl":{"start":{"line":3,"column":49},"end":{"line":128,"column":2}},"loc":{"start":{"line":3,"column":49},"end":{"line":128,"column":2}},"line":3}},"f":{"0":6}}
,"E:\\prueba-tecnica-experis\\src\\services\\deletePost.ts": {"path":"E:\\prueba-tecnica-experis\\src\\services\\deletePost.ts","all":false,"statementMap":{"0":{"start":{"line":1,"column":0},"end":{"line":1,"column":26}},"2":{"start":{"line":3,"column":0},"end":{"line":3,"column":49}},"3":{"start":{"line":4,"column":0},"end":{"line":4,"column":38}},"4":{"start":{"line":5,"column":0},"end":{"line":5,"column":54}},"5":{"start":{"line":6,"column":0},"end":{"line":6,"column":4}},"6":{"start":{"line":7,"column":0},"end":{"line":7,"column":14}},"7":{"start":{"line":8,"column":0},"end":{"line":8,"column":2}}},"s":{"0":1,"2":1,"3":1,"4":1,"5":1,"6":1,"7":1},"branchMap":{"0":{"type":"branch","line":3,"loc":{"start":{"line":3,"column":26},"end":{"line":8,"column":2}},"locations":[{"start":{"line":3,"column":26},"end":{"line":8,"column":2}}]}},"b":{"0":[1]},"fnMap":{"0":{"name":"deletePost","decl":{"start":{"line":3,"column":26},"end":{"line":8,"column":2}},"loc":{"start":{"line":3,"column":26},"end":{"line":8,"column":2}},"line":3}},"f":{"0":1}}
,"E:\\prueba-tecnica-experis\\src\\services\\getAllPost.ts": {"path":"E:\\prueba-tecnica-experis\\src\\services\\getAllPost.ts","all":false,"statementMap":{"0":{"start":{"line":1,"column":0},"end":{"line":1,"column":26}},"2":{"start":{"line":3,"column":0},"end":{"line":3,"column":39}},"3":{"start":{"line":4,"column":0},"end":{"line":4,"column":35}},"4":{"start":{"line":5,"column":0},"end":{"line":5,"column":48}},"5":{"start":{"line":6,"column":0},"end":{"line":6,"column":4}},"6":{"start":{"line":7,"column":0},"end":{"line":7,"column":14}},"7":{"start":{"line":8,"column":0},"end":{"line":8,"column":2}}},"s":{"0":1,"2":1,"3":5,"4":5,"5":5,"6":5,"7":5},"branchMap":{"0":{"type":"branch","line":3,"loc":{"start":{"line":3,"column":26},"end":{"line":8,"column":2}},"locations":[{"start":{"line":3,"column":26},"end":{"line":8,"column":2}}]}},"b":{"0":[5]},"fnMap":{"0":{"name":"getAllPost","decl":{"start":{"line":3,"column":26},"end":{"line":8,"column":2}},"loc":{"start":{"line":3,"column":26},"end":{"line":8,"column":2}},"line":3}},"f":{"0":5}}
,"E:\\prueba-tecnica-experis\\src\\services\\getpost.ts": {"path":"E:\\prueba-tecnica-experis\\src\\services\\getpost.ts","all":false,"statementMap":{"0":{"start":{"line":1,"column":0},"end":{"line":1,"column":26}},"2":{"start":{"line":3,"column":0},"end":{"line":3,"column":46}},"3":{"start":{"line":4,"column":0},"end":{"line":4,"column":35}},"4":{"start":{"line":5,"column":0},"end":{"line":5,"column":54}},"5":{"start":{"line":6,"column":0},"end":{"line":6,"column":4}},"6":{"start":{"line":7,"column":0},"end":{"line":7,"column":14}},"7":{"start":{"line":8,"column":0},"end":{"line":8,"column":2}}},"s":{"0":1,"2":1,"3":3,"4":3,"5":3,"6":3,"7":3},"branchMap":{"0":{"type":"branch","line":3,"loc":{"start":{"line":3,"column":23},"end":{"line":8,"column":2}},"locations":[{"start":{"line":3,"column":23},"end":{"line":8,"column":2}}]}},"b":{"0":[3]},"fnMap":{"0":{"name":"getPost","decl":{"start":{"line":3,"column":23},"end":{"line":8,"column":2}},"loc":{"start":{"line":3,"column":23},"end":{"line":8,"column":2}},"line":3}},"f":{"0":3}}
,"E:\\prueba-tecnica-experis\\src\\services\\postCreate.ts": {"path":"E:\\prueba-tecnica-experis\\src\\services\\postCreate.ts","all":false,"statementMap":{"0":{"start":{"line":1,"column":0},"end":{"line":1,"column":26}},"2":{"start":{"line":3,"column":0},"end":{"line":3,"column":66}},"3":{"start":{"line":4,"column":0},"end":{"line":4,"column":36}},"4":{"start":{"line":5,"column":0},"end":{"line":5,"column":49}},"5":{"start":{"line":6,"column":0},"end":{"line":6,"column":5}},"6":{"start":{"line":7,"column":0},"end":{"line":7,"column":12}},"7":{"start":{"line":8,"column":0},"end":{"line":8,"column":11}},"8":{"start":{"line":9,"column":0},"end":{"line":9,"column":5}},"9":{"start":{"line":10,"column":0},"end":{"line":10,"column":4}},"10":{"start":{"line":11,"column":0},"end":{"line":11,"column":14}},"11":{"start":{"line":12,"column":0},"end":{"line":12,"column":2}}},"s":{"0":1,"2":1,"3":1,"4":1,"5":1,"6":1,"7":1,"8":1,"9":1,"10":1,"11":1},"branchMap":{"0":{"type":"branch","line":3,"loc":{"start":{"line":3,"column":26},"end":{"line":12,"column":2}},"locations":[{"start":{"line":3,"column":26},"end":{"line":12,"column":2}}]}},"b":{"0":[1]},"fnMap":{"0":{"name":"postCreate","decl":{"start":{"line":3,"column":26},"end":{"line":12,"column":2}},"loc":{"start":{"line":3,"column":26},"end":{"line":12,"column":2}},"line":3}},"f":{"0":1}}
,"E:\\prueba-tecnica-experis\\src\\services\\putpost.ts": {"path":"E:\\prueba-tecnica-experis\\src\\services\\putpost.ts","all":false,"statementMap":{"0":{"start":{"line":1,"column":0},"end":{"line":1,"column":26}},"2":{"start":{"line":3,"column":0},"end":{"line":3,"column":75}},"3":{"start":{"line":4,"column":0},"end":{"line":4,"column":35}},"4":{"start":{"line":5,"column":0},"end":{"line":5,"column":55}},"5":{"start":{"line":6,"column":0},"end":{"line":6,"column":5}},"6":{"start":{"line":7,"column":0},"end":{"line":7,"column":12}},"7":{"start":{"line":8,"column":0},"end":{"line":8,"column":11}},"8":{"start":{"line":9,"column":0},"end":{"line":9,"column":5}},"9":{"start":{"line":10,"column":0},"end":{"line":10,"column":4}},"10":{"start":{"line":11,"column":0},"end":{"line":11,"column":14}},"11":{"start":{"line":12,"column":0},"end":{"line":12,"column":2}}},"s":{"0":1,"2":1,"3":1,"4":1,"5":1,"6":1,"7":1,"8":1,"9":1,"10":1,"11":1},"branchMap":{"0":{"type":"branch","line":3,"loc":{"start":{"line":3,"column":23},"end":{"line":12,"column":2}},"locations":[{"start":{"line":3,"column":23},"end":{"line":12,"column":2}}]}},"b":{"0":[1]},"fnMap":{"0":{"name":"putPost","decl":{"start":{"line":3,"column":23},"end":{"line":12,"column":2}},"loc":{"start":{"line":3,"column":23},"end":{"line":12,"column":2}},"line":3}},"f":{"0":1}}
}
